{"C:\\Users\\59899\\_Modulos\\Laburing\\JobPersonilisePortal\\backend\\src\\app.js": {"path":"C:\\Users\\59899\\_Modulos\\Laburing\\JobPersonilisePortal\\backend\\src\\app.js","statementMap":{"0":{"start":{"line":1,"column":16},"end":{"line":1,"column":34}},"1":{"start":{"line":2,"column":15},"end":{"line":2,"column":32}},"2":{"start":{"line":3,"column":15},"end":{"line":3,"column":31}},"3":{"start":{"line":5,"column":12},"end":{"line":5,"column":21}},"4":{"start":{"line":7,"column":0},"end":{"line":7,"column":28}},"5":{"start":{"line":8,"column":0},"end":{"line":8,"column":24}},"6":{"start":{"line":10,"column":19},"end":{"line":10,"column":43}},"7":{"start":{"line":11,"column":19},"end":{"line":11,"column":43}},"8":{"start":{"line":12,"column":21},"end":{"line":12,"column":47}},"9":{"start":{"line":13,"column":18},"end":{"line":13,"column":41}},"10":{"start":{"line":14,"column":26},"end":{"line":14,"column":57}},"11":{"start":{"line":15,"column":22},"end":{"line":15,"column":49}},"12":{"start":{"line":16,"column":25},"end":{"line":16,"column":55}},"13":{"start":{"line":18,"column":0},"end":{"line":18,"column":32}},"14":{"start":{"line":19,"column":0},"end":{"line":19,"column":33}},"15":{"start":{"line":20,"column":0},"end":{"line":20,"column":37}},"16":{"start":{"line":21,"column":0},"end":{"line":21,"column":31}},"17":{"start":{"line":22,"column":0},"end":{"line":22,"column":47}},"18":{"start":{"line":23,"column":0},"end":{"line":23,"column":38}},"19":{"start":{"line":24,"column":0},"end":{"line":24,"column":45}},"20":{"start":{"line":26,"column":0},"end":{"line":26,"column":21}}},"fnMap":{},"branchMap":{},"s":{"0":0,"1":0,"2":0,"3":0,"4":0,"5":0,"6":0,"7":0,"8":0,"9":0,"10":0,"11":0,"12":0,"13":0,"14":0,"15":0,"16":0,"17":0,"18":0,"19":0,"20":0},"f":{},"b":{}}
,"C:\\Users\\59899\\_Modulos\\Laburing\\JobPersonilisePortal\\backend\\src\\controllers\\scraperController.js": {"path":"C:\\Users\\59899\\_Modulos\\Laburing\\JobPersonilisePortal\\backend\\src\\controllers\\scraperController.js","statementMap":{"0":{"start":{"line":1,"column":23},"end":{"line":1,"column":60}},"1":{"start":{"line":12,"column":20},"end":{"line":29,"column":1}},"2":{"start":{"line":13,"column":2},"end":{"line":28,"column":3}},"3":{"start":{"line":14,"column":21},"end":{"line":14,"column":53}},"4":{"start":{"line":16,"column":4},"end":{"line":20,"column":7}},"5":{"start":{"line":22,"column":4},"end":{"line":22,"column":80}},"6":{"start":{"line":23,"column":4},"end":{"line":27,"column":7}},"7":{"start":{"line":36,"column":19},"end":{"line":70,"column":1}},"8":{"start":{"line":37,"column":2},"end":{"line":69,"column":3}},"9":{"start":{"line":38,"column":28},"end":{"line":38,"column":38}},"10":{"start":{"line":39,"column":20},"end":{"line":39,"column":28}},"11":{"start":{"line":42,"column":30},"end":{"line":42,"column":67}},"12":{"start":{"line":43,"column":4},"end":{"line":49,"column":5}},"13":{"start":{"line":44,"column":6},"end":{"line":48,"column":9}},"14":{"start":{"line":51,"column":4},"end":{"line":51,"column":80}},"15":{"start":{"line":54,"column":19},"end":{"line":54,"column":72}},"16":{"start":{"line":56,"column":4},"end":{"line":60,"column":7}},"17":{"start":{"line":63,"column":4},"end":{"line":63,"column":79}},"18":{"start":{"line":64,"column":4},"end":{"line":68,"column":7}},"19":{"start":{"line":77,"column":28},"end":{"line":115,"column":1}},"20":{"start":{"line":78,"column":2},"end":{"line":114,"column":3}},"21":{"start":{"line":79,"column":42},"end":{"line":79,"column":50}},"22":{"start":{"line":81,"column":4},"end":{"line":86,"column":5}},"23":{"start":{"line":82,"column":6},"end":{"line":85,"column":9}},"24":{"start":{"line":88,"column":4},"end":{"line":88,"column":120}},"25":{"start":{"line":91,"column":4},"end":{"line":95,"column":5}},"26":{"start":{"line":92,"column":6},"end":{"line":92,"column":67}},"27":{"start":{"line":94,"column":6},"end":{"line":94,"column":77}},"28":{"start":{"line":97,"column":25},"end":{"line":97,"column":62}},"29":{"start":{"line":97,"column":45},"end":{"line":97,"column":54}},"30":{"start":{"line":99,"column":4},"end":{"line":105,"column":7}},"31":{"start":{"line":108,"column":4},"end":{"line":108,"column":89}},"32":{"start":{"line":109,"column":4},"end":{"line":113,"column":7}},"33":{"start":{"line":121,"column":25},"end":{"line":138,"column":1}},"34":{"start":{"line":122,"column":2},"end":{"line":137,"column":3}},"35":{"start":{"line":123,"column":26},"end":{"line":123,"column":59}},"36":{"start":{"line":125,"column":4},"end":{"line":129,"column":7}},"37":{"start":{"line":131,"column":4},"end":{"line":131,"column":86}},"38":{"start":{"line":132,"column":4},"end":{"line":136,"column":7}},"39":{"start":{"line":144,"column":25},"end":{"line":162,"column":1}},"40":{"start":{"line":145,"column":2},"end":{"line":161,"column":3}},"41":{"start":{"line":146,"column":18},"end":{"line":146,"column":49}},"42":{"start":{"line":147,"column":20},"end":{"line":147,"column":58}},"43":{"start":{"line":149,"column":4},"end":{"line":153,"column":7}},"44":{"start":{"line":155,"column":4},"end":{"line":155,"column":86}},"45":{"start":{"line":156,"column":4},"end":{"line":160,"column":7}},"46":{"start":{"line":168,"column":22},"end":{"line":184,"column":1}},"47":{"start":{"line":169,"column":2},"end":{"line":183,"column":3}},"48":{"start":{"line":170,"column":18},"end":{"line":170,"column":48}},"49":{"start":{"line":172,"column":4},"end":{"line":175,"column":7}},"50":{"start":{"line":177,"column":4},"end":{"line":177,"column":82}},"51":{"start":{"line":178,"column":4},"end":{"line":182,"column":7}},"52":{"start":{"line":190,"column":21},"end":{"line":206,"column":1}},"53":{"start":{"line":191,"column":2},"end":{"line":205,"column":3}},"54":{"start":{"line":192,"column":4},"end":{"line":192,"column":34}},"55":{"start":{"line":194,"column":4},"end":{"line":197,"column":7}},"56":{"start":{"line":199,"column":4},"end":{"line":199,"column":80}},"57":{"start":{"line":200,"column":4},"end":{"line":204,"column":7}},"58":{"start":{"line":208,"column":0},"end":{"line":216,"column":2}}},"fnMap":{"0":{"name":"(anonymous_0)","decl":{"start":{"line":12,"column":20},"end":{"line":12,"column":21}},"loc":{"start":{"line":12,"column":40},"end":{"line":29,"column":1}},"line":12},"1":{"name":"(anonymous_1)","decl":{"start":{"line":36,"column":19},"end":{"line":36,"column":20}},"loc":{"start":{"line":36,"column":39},"end":{"line":70,"column":1}},"line":36},"2":{"name":"(anonymous_2)","decl":{"start":{"line":77,"column":28},"end":{"line":77,"column":29}},"loc":{"start":{"line":77,"column":48},"end":{"line":115,"column":1}},"line":77},"3":{"name":"(anonymous_3)","decl":{"start":{"line":97,"column":40},"end":{"line":97,"column":41}},"loc":{"start":{"line":97,"column":45},"end":{"line":97,"column":54}},"line":97},"4":{"name":"(anonymous_4)","decl":{"start":{"line":121,"column":25},"end":{"line":121,"column":26}},"loc":{"start":{"line":121,"column":45},"end":{"line":138,"column":1}},"line":121},"5":{"name":"(anonymous_5)","decl":{"start":{"line":144,"column":25},"end":{"line":144,"column":26}},"loc":{"start":{"line":144,"column":45},"end":{"line":162,"column":1}},"line":144},"6":{"name":"(anonymous_6)","decl":{"start":{"line":168,"column":22},"end":{"line":168,"column":23}},"loc":{"start":{"line":168,"column":42},"end":{"line":184,"column":1}},"line":168},"7":{"name":"(anonymous_7)","decl":{"start":{"line":190,"column":21},"end":{"line":190,"column":22}},"loc":{"start":{"line":190,"column":41},"end":{"line":206,"column":1}},"line":190}},"branchMap":{"0":{"loc":{"start":{"line":43,"column":4},"end":{"line":49,"column":5}},"type":"if","locations":[{"start":{"line":43,"column":4},"end":{"line":49,"column":5}},{"start":{},"end":{}}],"line":43},"1":{"loc":{"start":{"line":79,"column":22},"end":{"line":79,"column":37}},"type":"default-arg","locations":[{"start":{"line":79,"column":33},"end":{"line":79,"column":37}}],"line":79},"2":{"loc":{"start":{"line":81,"column":4},"end":{"line":86,"column":5}},"type":"if","locations":[{"start":{"line":81,"column":4},"end":{"line":86,"column":5}},{"start":{},"end":{}}],"line":81},"3":{"loc":{"start":{"line":81,"column":8},"end":{"line":81,"column":57}},"type":"binary-expr","locations":[{"start":{"line":81,"column":8},"end":{"line":81,"column":32}},{"start":{"line":81,"column":36},"end":{"line":81,"column":57}}],"line":81},"4":{"loc":{"start":{"line":88,"column":75},"end":{"line":88,"column":116}},"type":"cond-expr","locations":[{"start":{"line":88,"column":86},"end":{"line":88,"column":99}},{"start":{"line":88,"column":102},"end":{"line":88,"column":116}}],"line":88},"5":{"loc":{"start":{"line":91,"column":4},"end":{"line":95,"column":5}},"type":"if","locations":[{"start":{"line":91,"column":4},"end":{"line":95,"column":5}},{"start":{"line":93,"column":11},"end":{"line":95,"column":5}}],"line":91},"6":{"loc":{"start":{"line":146,"column":18},"end":{"line":146,"column":49}},"type":"binary-expr","locations":[{"start":{"line":146,"column":18},"end":{"line":146,"column":43}},{"start":{"line":146,"column":47},"end":{"line":146,"column":49}}],"line":146}},"s":{"0":0,"1":0,"2":0,"3":0,"4":0,"5":0,"6":0,"7":0,"8":0,"9":0,"10":0,"11":0,"12":0,"13":0,"14":0,"15":0,"16":0,"17":0,"18":0,"19":0,"20":0,"21":0,"22":0,"23":0,"24":0,"25":0,"26":0,"27":0,"28":0,"29":0,"30":0,"31":0,"32":0,"33":0,"34":0,"35":0,"36":0,"37":0,"38":0,"39":0,"40":0,"41":0,"42":0,"43":0,"44":0,"45":0,"46":0,"47":0,"48":0,"49":0,"50":0,"51":0,"52":0,"53":0,"54":0,"55":0,"56":0,"57":0,"58":0},"f":{"0":0,"1":0,"2":0,"3":0,"4":0,"5":0,"6":0,"7":0},"b":{"0":[0,0],"1":[0],"2":[0,0],"3":[0,0],"4":[0,0],"5":[0,0],"6":[0,0]}}
,"C:\\Users\\59899\\_Modulos\\Laburing\\JobPersonilisePortal\\backend\\src\\middleware\\errorHandler.js": {"path":"C:\\Users\\59899\\_Modulos\\Laburing\\JobPersonilisePortal\\backend\\src\\middleware\\errorHandler.js","statementMap":{"0":{"start":{"line":1,"column":17},"end":{"line":1,"column":45}},"1":{"start":{"line":9,"column":21},"end":{"line":66,"column":1}},"2":{"start":{"line":10,"column":14},"end":{"line":10,"column":24}},"3":{"start":{"line":11,"column":2},"end":{"line":11,"column":30}},"4":{"start":{"line":12,"column":2},"end":{"line":12,"column":43}},"5":{"start":{"line":15,"column":2},"end":{"line":19,"column":5}},"6":{"start":{"line":22,"column":2},"end":{"line":25,"column":3}},"7":{"start":{"line":23,"column":20},"end":{"line":23,"column":62}},"8":{"start":{"line":24,"column":4},"end":{"line":24,"column":39}},"9":{"start":{"line":28,"column":2},"end":{"line":32,"column":3}},"10":{"start":{"line":29,"column":18},"end":{"line":29,"column":46}},"11":{"start":{"line":30,"column":20},"end":{"line":30,"column":79}},"12":{"start":{"line":31,"column":4},"end":{"line":31,"column":39}},"13":{"start":{"line":35,"column":2},"end":{"line":40,"column":3}},"14":{"start":{"line":36,"column":20},"end":{"line":38,"column":17}},"15":{"start":{"line":37,"column":20},"end":{"line":37,"column":31}},"16":{"start":{"line":39,"column":4},"end":{"line":39,"column":39}},"17":{"start":{"line":43,"column":2},"end":{"line":46,"column":3}},"18":{"start":{"line":44,"column":20},"end":{"line":44,"column":56}},"19":{"start":{"line":45,"column":4},"end":{"line":45,"column":39}},"20":{"start":{"line":48,"column":2},"end":{"line":51,"column":3}},"21":{"start":{"line":49,"column":20},"end":{"line":49,"column":65}},"22":{"start":{"line":50,"column":4},"end":{"line":50,"column":39}},"23":{"start":{"line":54,"column":19},"end":{"line":58,"column":3}},"24":{"start":{"line":61,"column":2},"end":{"line":63,"column":3}},"25":{"start":{"line":62,"column":4},"end":{"line":62,"column":31}},"26":{"start":{"line":65,"column":2},"end":{"line":65,"column":53}},"27":{"start":{"line":68,"column":0},"end":{"line":68,"column":30}}},"fnMap":{"0":{"name":"(anonymous_0)","decl":{"start":{"line":9,"column":21},"end":{"line":9,"column":22}},"loc":{"start":{"line":9,"column":46},"end":{"line":66,"column":1}},"line":9},"1":{"name":"(anonymous_1)","decl":{"start":{"line":37,"column":11},"end":{"line":37,"column":12}},"loc":{"start":{"line":37,"column":20},"end":{"line":37,"column":31}},"line":37}},"branchMap":{"0":{"loc":{"start":{"line":12,"column":21},"end":{"line":12,"column":42}},"type":"binary-expr","locations":[{"start":{"line":12,"column":21},"end":{"line":12,"column":35}},{"start":{"line":12,"column":39},"end":{"line":12,"column":42}}],"line":12},"1":{"loc":{"start":{"line":18,"column":11},"end":{"line":18,"column":73}},"type":"cond-expr","locations":[{"start":{"line":18,"column":52},"end":{"line":18,"column":61}},{"start":{"line":18,"column":64},"end":{"line":18,"column":73}}],"line":18},"2":{"loc":{"start":{"line":22,"column":2},"end":{"line":25,"column":3}},"type":"if","locations":[{"start":{"line":22,"column":2},"end":{"line":25,"column":3}},{"start":{},"end":{}}],"line":22},"3":{"loc":{"start":{"line":28,"column":2},"end":{"line":32,"column":3}},"type":"if","locations":[{"start":{"line":28,"column":2},"end":{"line":32,"column":3}},{"start":{},"end":{}}],"line":28},"4":{"loc":{"start":{"line":35,"column":2},"end":{"line":40,"column":3}},"type":"if","locations":[{"start":{"line":35,"column":2},"end":{"line":40,"column":3}},{"start":{},"end":{}}],"line":35},"5":{"loc":{"start":{"line":43,"column":2},"end":{"line":46,"column":3}},"type":"if","locations":[{"start":{"line":43,"column":2},"end":{"line":46,"column":3}},{"start":{},"end":{}}],"line":43},"6":{"loc":{"start":{"line":48,"column":2},"end":{"line":51,"column":3}},"type":"if","locations":[{"start":{"line":48,"column":2},"end":{"line":51,"column":3}},{"start":{},"end":{}}],"line":48},"7":{"loc":{"start":{"line":56,"column":12},"end":{"line":56,"column":35}},"type":"binary-expr","locations":[{"start":{"line":56,"column":12},"end":{"line":56,"column":28}},{"start":{"line":56,"column":32},"end":{"line":56,"column":35}}],"line":56},"8":{"loc":{"start":{"line":57,"column":13},"end":{"line":57,"column":53}},"type":"binary-expr","locations":[{"start":{"line":57,"column":13},"end":{"line":57,"column":26}},{"start":{"line":57,"column":30},"end":{"line":57,"column":53}}],"line":57},"9":{"loc":{"start":{"line":61,"column":2},"end":{"line":63,"column":3}},"type":"if","locations":[{"start":{"line":61,"column":2},"end":{"line":63,"column":3}},{"start":{},"end":{}}],"line":61},"10":{"loc":{"start":{"line":65,"column":13},"end":{"line":65,"column":36}},"type":"binary-expr","locations":[{"start":{"line":65,"column":13},"end":{"line":65,"column":29}},{"start":{"line":65,"column":33},"end":{"line":65,"column":36}}],"line":65}},"s":{"0":1,"1":1,"2":17,"3":17,"4":17,"5":17,"6":17,"7":1,"8":1,"9":17,"10":2,"11":2,"12":2,"13":17,"14":2,"15":5,"16":2,"17":17,"18":1,"19":1,"20":17,"21":1,"22":1,"23":17,"24":17,"25":2,"26":17,"27":1},"f":{"0":17,"1":5},"b":{"0":[17,15],"1":[2,15],"2":[1,16],"3":[2,15],"4":[2,15],"5":[1,16],"6":[1,16],"7":[17,0],"8":[17,0],"9":[2,15],"10":[17,0]},"_coverageSchema":"1a1c01bbd47fc00a2c39e90264f33305004495a9","hash":"09d1480f7e57dbb3ddc99d609bd84aac46aa4c83"}
,"C:\\Users\\59899\\_Modulos\\Laburing\\JobPersonilisePortal\\backend\\src\\middleware\\logging_middleware.js": {"path":"C:\\Users\\59899\\_Modulos\\Laburing\\JobPersonilisePortal\\backend\\src\\middleware\\logging_middleware.js","statementMap":{"0":{"start":{"line":1,"column":15},"end":{"line":1,"column":32}},"1":{"start":{"line":3,"column":0},"end":{"line":3,"column":28}}},"fnMap":{},"branchMap":{},"s":{"0":0,"1":0},"f":{},"b":{}}
,"C:\\Users\\59899\\_Modulos\\Laburing\\JobPersonilisePortal\\backend\\src\\middleware\\notFound.js": {"path":"C:\\Users\\59899\\_Modulos\\Laburing\\JobPersonilisePortal\\backend\\src\\middleware\\notFound.js","statementMap":{"0":{"start":{"line":1,"column":17},"end":{"line":1,"column":45}},"1":{"start":{"line":8,"column":17},"end":{"line":11,"column":1}},"2":{"start":{"line":9,"column":18},"end":{"line":9,"column":69}},"3":{"start":{"line":10,"column":2},"end":{"line":10,"column":35}},"4":{"start":{"line":13,"column":0},"end":{"line":13,"column":26}}},"fnMap":{"0":{"name":"(anonymous_0)","decl":{"start":{"line":8,"column":17},"end":{"line":8,"column":18}},"loc":{"start":{"line":8,"column":37},"end":{"line":11,"column":1}},"line":8}},"branchMap":{},"s":{"0":1,"1":1,"2":22,"3":22,"4":1},"f":{"0":22},"b":{},"_coverageSchema":"1a1c01bbd47fc00a2c39e90264f33305004495a9","hash":"738085a7b06fc5b158a153f273a946486049e69c"}
,"C:\\Users\\59899\\_Modulos\\Laburing\\JobPersonilisePortal\\backend\\src\\middleware\\requestLogger.js": {"path":"C:\\Users\\59899\\_Modulos\\Laburing\\JobPersonilisePortal\\backend\\src\\middleware\\requestLogger.js","statementMap":{"0":{"start":{"line":6,"column":22},"end":{"line":20,"column":1}},"1":{"start":{"line":7,"column":20},"end":{"line":7,"column":30}},"2":{"start":{"line":10,"column":2},"end":{"line":17,"column":5}},"3":{"start":{"line":11,"column":21},"end":{"line":11,"column":43}},"4":{"start":{"line":12,"column":22},"end":{"line":12,"column":46}},"5":{"start":{"line":14,"column":4},"end":{"line":16,"column":6}},"6":{"start":{"line":19,"column":2},"end":{"line":19,"column":9}},"7":{"start":{"line":22,"column":0},"end":{"line":22,"column":31}}},"fnMap":{"0":{"name":"(anonymous_0)","decl":{"start":{"line":6,"column":22},"end":{"line":6,"column":23}},"loc":{"start":{"line":6,"column":42},"end":{"line":20,"column":1}},"line":6},"1":{"name":"(anonymous_1)","decl":{"start":{"line":10,"column":19},"end":{"line":10,"column":20}},"loc":{"start":{"line":10,"column":25},"end":{"line":17,"column":3}},"line":10}},"branchMap":{},"s":{"0":1,"1":29,"2":29,"3":24,"4":24,"5":24,"6":29,"7":1},"f":{"0":29,"1":24},"b":{},"_coverageSchema":"1a1c01bbd47fc00a2c39e90264f33305004495a9","hash":"c0cdefb1e6474a612e0661e1a91fd01cf9385265"}
,"C:\\Users\\59899\\_Modulos\\Laburing\\JobPersonilisePortal\\backend\\src\\models\\Job.js": {"path":"C:\\Users\\59899\\_Modulos\\Laburing\\JobPersonilisePortal\\backend\\src\\models\\Job.js","statementMap":{"0":{"start":{"line":1,"column":17},"end":{"line":1,"column":36}},"1":{"start":{"line":3,"column":18},"end":{"line":19,"column":2}},"2":{"start":{"line":21,"column":0},"end":{"line":21,"column":50}}},"fnMap":{},"branchMap":{},"s":{"0":4,"1":4,"2":4},"f":{},"b":{},"_coverageSchema":"1a1c01bbd47fc00a2c39e90264f33305004495a9","hash":"d7ce342c9fc79249cae48cd4a16b92f166a40bf6"}
,"C:\\Users\\59899\\_Modulos\\Laburing\\JobPersonilisePortal\\backend\\src\\routes\\application.routes.js": {"path":"C:\\Users\\59899\\_Modulos\\Laburing\\JobPersonilisePortal\\backend\\src\\routes\\application.routes.js","statementMap":{"0":{"start":{"line":2,"column":16},"end":{"line":2,"column":34}},"1":{"start":{"line":3,"column":15},"end":{"line":3,"column":31}},"2":{"start":{"line":4,"column":30},"end":{"line":4,"column":78}},"3":{"start":{"line":5,"column":25},"end":{"line":5,"column":54}},"4":{"start":{"line":6,"column":32},"end":{"line":6,"column":67}},"5":{"start":{"line":8,"column":0},"end":{"line":8,"column":25}},"6":{"start":{"line":10,"column":0},"end":{"line":10,"column":55}},"7":{"start":{"line":11,"column":0},"end":{"line":11,"column":79}},"8":{"start":{"line":12,"column":0},"end":{"line":12,"column":61}},"9":{"start":{"line":13,"column":0},"end":{"line":13,"column":60}},"10":{"start":{"line":14,"column":0},"end":{"line":14,"column":63}},"11":{"start":{"line":17,"column":0},"end":{"line":17,"column":67}},"12":{"start":{"line":18,"column":0},"end":{"line":18,"column":64}},"13":{"start":{"line":20,"column":0},"end":{"line":20,"column":24}}},"fnMap":{},"branchMap":{},"s":{"0":0,"1":0,"2":0,"3":0,"4":0,"5":0,"6":0,"7":0,"8":0,"9":0,"10":0,"11":0,"12":0,"13":0},"f":{},"b":{}}
,"C:\\Users\\59899\\_Modulos\\Laburing\\JobPersonilisePortal\\backend\\src\\routes\\auth.routes.js": {"path":"C:\\Users\\59899\\_Modulos\\Laburing\\JobPersonilisePortal\\backend\\src\\routes\\auth.routes.js","statementMap":{"0":{"start":{"line":1,"column":16},"end":{"line":1,"column":34}},"1":{"start":{"line":2,"column":15},"end":{"line":2,"column":31}},"2":{"start":{"line":3,"column":23},"end":{"line":3,"column":64}},"3":{"start":{"line":4,"column":48},"end":{"line":4,"column":83}},"4":{"start":{"line":6,"column":0},"end":{"line":6,"column":72}},"5":{"start":{"line":7,"column":0},"end":{"line":7,"column":59}},"6":{"start":{"line":8,"column":0},"end":{"line":8,"column":46}},"7":{"start":{"line":9,"column":0},"end":{"line":9,"column":59}},"8":{"start":{"line":10,"column":0},"end":{"line":10,"column":63}},"9":{"start":{"line":11,"column":0},"end":{"line":11,"column":68}},"10":{"start":{"line":12,"column":0},"end":{"line":12,"column":63}},"11":{"start":{"line":14,"column":0},"end":{"line":14,"column":24}}},"fnMap":{},"branchMap":{},"s":{"0":0,"1":0,"2":0,"3":0,"4":0,"5":0,"6":0,"7":0,"8":0,"9":0,"10":0,"11":0},"f":{},"b":{}}
,"C:\\Users\\59899\\_Modulos\\Laburing\\JobPersonilisePortal\\backend\\src\\routes\\index.js": {"path":"C:\\Users\\59899\\_Modulos\\Laburing\\JobPersonilisePortal\\backend\\src\\routes\\index.js","statementMap":{"0":{"start":{"line":1,"column":16},"end":{"line":1,"column":34}},"1":{"start":{"line":2,"column":15},"end":{"line":2,"column":31}},"2":{"start":{"line":4,"column":19},"end":{"line":4,"column":43}},"3":{"start":{"line":5,"column":19},"end":{"line":5,"column":43}},"4":{"start":{"line":6,"column":21},"end":{"line":6,"column":47}},"5":{"start":{"line":7,"column":18},"end":{"line":7,"column":41}},"6":{"start":{"line":8,"column":26},"end":{"line":8,"column":57}},"7":{"start":{"line":9,"column":22},"end":{"line":9,"column":49}},"8":{"start":{"line":10,"column":25},"end":{"line":10,"column":55}},"9":{"start":{"line":12,"column":0},"end":{"line":12,"column":32}},"10":{"start":{"line":13,"column":0},"end":{"line":13,"column":33}},"11":{"start":{"line":14,"column":0},"end":{"line":14,"column":37}},"12":{"start":{"line":15,"column":0},"end":{"line":15,"column":31}},"13":{"start":{"line":16,"column":0},"end":{"line":16,"column":47}},"14":{"start":{"line":17,"column":0},"end":{"line":17,"column":38}},"15":{"start":{"line":18,"column":0},"end":{"line":18,"column":45}},"16":{"start":{"line":20,"column":0},"end":{"line":20,"column":24}}},"fnMap":{},"branchMap":{},"s":{"0":0,"1":0,"2":0,"3":0,"4":0,"5":0,"6":0,"7":0,"8":0,"9":0,"10":0,"11":0,"12":0,"13":0,"14":0,"15":0,"16":0},"f":{},"b":{}}
,"C:\\Users\\59899\\_Modulos\\Laburing\\JobPersonilisePortal\\backend\\src\\routes\\job.routes.js": {"path":"C:\\Users\\59899\\_Modulos\\Laburing\\JobPersonilisePortal\\backend\\src\\routes\\job.routes.js","statementMap":{"0":{"start":{"line":2,"column":16},"end":{"line":2,"column":34}},"1":{"start":{"line":3,"column":15},"end":{"line":3,"column":31}},"2":{"start":{"line":4,"column":22},"end":{"line":4,"column":62}},"3":{"start":{"line":5,"column":25},"end":{"line":5,"column":54}},"4":{"start":{"line":7,"column":0},"end":{"line":7,"column":25}},"5":{"start":{"line":10,"column":0},"end":{"line":10,"column":39}},"6":{"start":{"line":11,"column":0},"end":{"line":11,"column":49}},"7":{"start":{"line":12,"column":0},"end":{"line":12,"column":51}},"8":{"start":{"line":13,"column":0},"end":{"line":13,"column":45}},"9":{"start":{"line":16,"column":0},"end":{"line":16,"column":48}},"10":{"start":{"line":17,"column":0},"end":{"line":17,"column":52}},"11":{"start":{"line":18,"column":0},"end":{"line":18,"column":62}},"12":{"start":{"line":21,"column":0},"end":{"line":21,"column":49}},"13":{"start":{"line":23,"column":0},"end":{"line":23,"column":24}}},"fnMap":{},"branchMap":{},"s":{"0":0,"1":0,"2":0,"3":0,"4":0,"5":0,"6":0,"7":0,"8":0,"9":0,"10":0,"11":0,"12":0,"13":0},"f":{},"b":{}}
,"C:\\Users\\59899\\_Modulos\\Laburing\\JobPersonilisePortal\\backend\\src\\routes\\preferences.routes.js": {"path":"C:\\Users\\59899\\_Modulos\\Laburing\\JobPersonilisePortal\\backend\\src\\routes\\preferences.routes.js","statementMap":{"0":{"start":{"line":1,"column":16},"end":{"line":1,"column":34}},"1":{"start":{"line":2,"column":15},"end":{"line":2,"column":31}},"2":{"start":{"line":3,"column":29},"end":{"line":3,"column":76}},"3":{"start":{"line":4,"column":25},"end":{"line":4,"column":54}},"4":{"start":{"line":5,"column":32},"end":{"line":5,"column":67}},"5":{"start":{"line":7,"column":0},"end":{"line":7,"column":25}},"6":{"start":{"line":9,"column":0},"end":{"line":9,"column":53}},"7":{"start":{"line":10,"column":0},"end":{"line":10,"column":77}},"8":{"start":{"line":11,"column":0},"end":{"line":11,"column":78}},"9":{"start":{"line":12,"column":0},"end":{"line":12,"column":66}},"10":{"start":{"line":13,"column":0},"end":{"line":13,"column":61}},"11":{"start":{"line":15,"column":0},"end":{"line":15,"column":24}}},"fnMap":{},"branchMap":{},"s":{"0":0,"1":0,"2":0,"3":0,"4":0,"5":0,"6":0,"7":0,"8":0,"9":0,"10":0,"11":0},"f":{},"b":{}}
,"C:\\Users\\59899\\_Modulos\\Laburing\\JobPersonilisePortal\\backend\\src\\routes\\scraper.routes.js": {"path":"C:\\Users\\59899\\_Modulos\\Laburing\\JobPersonilisePortal\\backend\\src\\routes\\scraper.routes.js","statementMap":{"0":{"start":{"line":1,"column":16},"end":{"line":1,"column":34}},"1":{"start":{"line":2,"column":15},"end":{"line":2,"column":31}},"2":{"start":{"line":3,"column":26},"end":{"line":3,"column":69}},"3":{"start":{"line":11,"column":0},"end":{"line":11,"column":47}},"4":{"start":{"line":14,"column":0},"end":{"line":14,"column":63}},"5":{"start":{"line":17,"column":0},"end":{"line":17,"column":68}},"6":{"start":{"line":20,"column":0},"end":{"line":20,"column":58}},"7":{"start":{"line":23,"column":0},"end":{"line":23,"column":59}},"8":{"start":{"line":26,"column":0},"end":{"line":26,"column":54}},"9":{"start":{"line":29,"column":0},"end":{"line":29,"column":58}},"10":{"start":{"line":31,"column":0},"end":{"line":31,"column":24}}},"fnMap":{},"branchMap":{},"s":{"0":0,"1":0,"2":0,"3":0,"4":0,"5":0,"6":0,"7":0,"8":0,"9":0,"10":0},"f":{},"b":{}}
,"C:\\Users\\59899\\_Modulos\\Laburing\\JobPersonilisePortal\\backend\\src\\routes\\source.routes.js": {"path":"C:\\Users\\59899\\_Modulos\\Laburing\\JobPersonilisePortal\\backend\\src\\routes\\source.routes.js","statementMap":{"0":{"start":{"line":2,"column":16},"end":{"line":2,"column":34}},"1":{"start":{"line":3,"column":15},"end":{"line":3,"column":31}},"2":{"start":{"line":4,"column":25},"end":{"line":4,"column":68}},"3":{"start":{"line":5,"column":25},"end":{"line":5,"column":54}},"4":{"start":{"line":6,"column":27},"end":{"line":6,"column":62}},"5":{"start":{"line":8,"column":0},"end":{"line":8,"column":25}},"6":{"start":{"line":11,"column":0},"end":{"line":11,"column":63}},"7":{"start":{"line":14,"column":0},"end":{"line":14,"column":49}},"8":{"start":{"line":15,"column":0},"end":{"line":15,"column":61}},"9":{"start":{"line":16,"column":0},"end":{"line":16,"column":51}},"10":{"start":{"line":17,"column":0},"end":{"line":17,"column":66}},"11":{"start":{"line":18,"column":0},"end":{"line":18,"column":53}},"12":{"start":{"line":19,"column":0},"end":{"line":19,"column":65}},"13":{"start":{"line":21,"column":0},"end":{"line":21,"column":24}}},"fnMap":{},"branchMap":{},"s":{"0":0,"1":0,"2":0,"3":0,"4":0,"5":0,"6":0,"7":0,"8":0,"9":0,"10":0,"11":0,"12":0,"13":0},"f":{},"b":{}}
,"C:\\Users\\59899\\_Modulos\\Laburing\\JobPersonilisePortal\\backend\\src\\routes\\user.routes.js": {"path":"C:\\Users\\59899\\_Modulos\\Laburing\\JobPersonilisePortal\\backend\\src\\routes\\user.routes.js","statementMap":{"0":{"start":{"line":1,"column":16},"end":{"line":1,"column":34}},"1":{"start":{"line":2,"column":15},"end":{"line":2,"column":31}},"2":{"start":{"line":3,"column":23},"end":{"line":3,"column":64}},"3":{"start":{"line":4,"column":25},"end":{"line":4,"column":54}},"4":{"start":{"line":5,"column":34},"end":{"line":5,"column":69}},"5":{"start":{"line":7,"column":0},"end":{"line":7,"column":25}},"6":{"start":{"line":9,"column":0},"end":{"line":9,"column":50}},"7":{"start":{"line":10,"column":0},"end":{"line":10,"column":76}},"8":{"start":{"line":11,"column":0},"end":{"line":11,"column":56}},"9":{"start":{"line":12,"column":0},"end":{"line":12,"column":55}},"10":{"start":{"line":14,"column":0},"end":{"line":14,"column":24}}},"fnMap":{},"branchMap":{},"s":{"0":0,"1":0,"2":0,"3":0,"4":0,"5":0,"6":0,"7":0,"8":0,"9":0,"10":0},"f":{},"b":{}}
,"C:\\Users\\59899\\_Modulos\\Laburing\\JobPersonilisePortal\\backend\\src\\services\\jobFetcher.js": {"path":"C:\\Users\\59899\\_Modulos\\Laburing\\JobPersonilisePortal\\backend\\src\\services\\jobFetcher.js","statementMap":{"0":{"start":{"line":1,"column":14},"end":{"line":1,"column":30}},"1":{"start":{"line":2,"column":12},"end":{"line":2,"column":36}},"2":{"start":{"line":4,"column":16},"end":{"line":4,"column":40}},"3":{"start":{"line":7,"column":21},"end":{"line":18,"column":1}},"4":{"start":{"line":8,"column":2},"end":{"line":17,"column":4}},"5":{"start":{"line":20,"column":26},"end":{"line":59,"column":1}},"6":{"start":{"line":21,"column":2},"end":{"line":58,"column":3}},"7":{"start":{"line":22,"column":4},"end":{"line":22,"column":56}},"8":{"start":{"line":25,"column":21},"end":{"line":32,"column":6}},"9":{"start":{"line":34,"column":20},"end":{"line":34,"column":52}},"10":{"start":{"line":35,"column":4},"end":{"line":35,"column":59}},"11":{"start":{"line":38,"column":19},"end":{"line":38,"column":20}},"12":{"start":{"line":39,"column":4},"end":{"line":50,"column":5}},"13":{"start":{"line":40,"column":25},"end":{"line":40,"column":42}},"14":{"start":{"line":43,"column":21},"end":{"line":47,"column":7}},"15":{"start":{"line":49,"column":6},"end":{"line":49,"column":47}},"16":{"start":{"line":49,"column":36},"end":{"line":49,"column":47}},"17":{"start":{"line":52,"column":4},"end":{"line":52,"column":75}},"18":{"start":{"line":53,"column":4},"end":{"line":53,"column":26}},"19":{"start":{"line":56,"column":4},"end":{"line":56,"column":53}},"20":{"start":{"line":57,"column":4},"end":{"line":57,"column":16}},"21":{"start":{"line":61,"column":0},"end":{"line":61,"column":39}}},"fnMap":{"0":{"name":"(anonymous_0)","decl":{"start":{"line":7,"column":21},"end":{"line":7,"column":22}},"loc":{"start":{"line":7,"column":33},"end":{"line":18,"column":1}},"line":7},"1":{"name":"(anonymous_1)","decl":{"start":{"line":20,"column":26},"end":{"line":20,"column":27}},"loc":{"start":{"line":20,"column":74},"end":{"line":59,"column":1}},"line":20}},"branchMap":{"0":{"loc":{"start":{"line":13,"column":12},"end":{"line":13,"column":35}},"type":"binary-expr","locations":[{"start":{"line":13,"column":12},"end":{"line":13,"column":22}},{"start":{"line":13,"column":26},"end":{"line":13,"column":35}}],"line":13},"1":{"loc":{"start":{"line":14,"column":15},"end":{"line":14,"column":67}},"type":"binary-expr","locations":[{"start":{"line":14,"column":15},"end":{"line":14,"column":46}},{"start":{"line":14,"column":50},"end":{"line":14,"column":67}}],"line":14},"2":{"loc":{"start":{"line":16,"column":10},"end":{"line":16,"column":52}},"type":"cond-expr","locations":[{"start":{"line":16,"column":30},"end":{"line":16,"column":47}},{"start":{"line":16,"column":50},"end":{"line":16,"column":52}}],"line":16},"3":{"loc":{"start":{"line":20,"column":33},"end":{"line":20,"column":69}},"type":"default-arg","locations":[{"start":{"line":20,"column":41},"end":{"line":20,"column":69}}],"line":20},"4":{"loc":{"start":{"line":34,"column":20},"end":{"line":34,"column":52}},"type":"binary-expr","locations":[{"start":{"line":34,"column":20},"end":{"line":34,"column":46}},{"start":{"line":34,"column":50},"end":{"line":34,"column":52}}],"line":34},"5":{"loc":{"start":{"line":49,"column":6},"end":{"line":49,"column":47}},"type":"if","locations":[{"start":{"line":49,"column":6},"end":{"line":49,"column":47}},{"start":{},"end":{}}],"line":49}},"s":{"0":1,"1":1,"2":1,"3":1,"4":16,"5":1,"6":23,"7":23,"8":23,"9":20,"10":20,"11":20,"12":20,"13":16,"14":16,"15":16,"16":13,"17":20,"18":20,"19":3,"20":3,"21":1},"f":{"0":16,"1":23},"b":{"0":[16,2],"1":[16,14],"2":[2,14],"3":[18],"4":[20,1],"5":[13,3]},"_coverageSchema":"1a1c01bbd47fc00a2c39e90264f33305004495a9","hash":"82d158e1e5c87be65a4f126e1b8e3396f6609c25"}
,"C:\\Users\\59899\\_Modulos\\Laburing\\JobPersonilisePortal\\backend\\src\\services\\scraperService.js": {"path":"C:\\Users\\59899\\_Modulos\\Laburing\\JobPersonilisePortal\\backend\\src\\services\\scraperService.js","statementMap":{"0":{"start":{"line":1,"column":62},"end":{"line":1,"column":83}},"1":{"start":{"line":9,"column":4},"end":{"line":9,"column":35}},"2":{"start":{"line":10,"column":4},"end":{"line":10,"column":28}},"3":{"start":{"line":20,"column":21},"end":{"line":20,"column":55}},"4":{"start":{"line":22,"column":4},"end":{"line":22,"column":93}},"5":{"start":{"line":25,"column":30},"end":{"line":25,"column":52}},"6":{"start":{"line":26,"column":4},"end":{"line":28,"column":5}},"7":{"start":{"line":27,"column":6},"end":{"line":27,"column":101}},"8":{"start":{"line":31,"column":4},"end":{"line":35,"column":7}},"9":{"start":{"line":37,"column":4},"end":{"line":91,"column":5}},"10":{"start":{"line":39,"column":22},"end":{"line":39,"column":61}},"11":{"start":{"line":42,"column":21},"end":{"line":42,"column":50}},"12":{"start":{"line":45,"column":6},"end":{"line":45,"column":42}},"13":{"start":{"line":48,"column":27},"end":{"line":57,"column":7}},"14":{"start":{"line":59,"column":6},"end":{"line":59,"column":44}},"15":{"start":{"line":62,"column":6},"end":{"line":64,"column":7}},"16":{"start":{"line":63,"column":8},"end":{"line":63,"column":35}},"17":{"start":{"line":66,"column":6},"end":{"line":66,"column":95}},"18":{"start":{"line":68,"column":6},"end":{"line":72,"column":8}},"19":{"start":{"line":75,"column":6},"end":{"line":75,"column":84}},"20":{"start":{"line":77,"column":6},"end":{"line":77,"column":42}},"21":{"start":{"line":80,"column":6},"end":{"line":88,"column":9}},"22":{"start":{"line":90,"column":6},"end":{"line":90,"column":18}},"23":{"start":{"line":100,"column":4},"end":{"line":100,"column":90}},"24":{"start":{"line":102,"column":21},"end":{"line":108,"column":5}},"25":{"start":{"line":103,"column":6},"end":{"line":107,"column":9}},"26":{"start":{"line":103,"column":53},"end":{"line":107,"column":7}},"27":{"start":{"line":110,"column":4},"end":{"line":110,"column":33}},"28":{"start":{"line":119,"column":4},"end":{"line":119,"column":91}},"29":{"start":{"line":121,"column":20},"end":{"line":121,"column":22}},"30":{"start":{"line":123,"column":4},"end":{"line":134,"column":5}},"31":{"start":{"line":124,"column":6},"end":{"line":133,"column":7}},"32":{"start":{"line":125,"column":23},"end":{"line":125,"column":59}},"33":{"start":{"line":126,"column":8},"end":{"line":126,"column":29}},"34":{"start":{"line":128,"column":8},"end":{"line":132,"column":11}},"35":{"start":{"line":136,"column":4},"end":{"line":136,"column":19}},"36":{"start":{"line":144,"column":4},"end":{"line":144,"column":34}},"37":{"start":{"line":152,"column":4},"end":{"line":152,"column":29}},"38":{"start":{"line":160,"column":4},"end":{"line":164,"column":8}},"39":{"start":{"line":160,"column":73},"end":{"line":164,"column":5}},"40":{"start":{"line":173,"column":4},"end":{"line":175,"column":17}},"41":{"start":{"line":183,"column":18},"end":{"line":183,"column":43}},"42":{"start":{"line":184,"column":23},"end":{"line":184,"column":71}},"43":{"start":{"line":184,"column":54},"end":{"line":184,"column":63}},"44":{"start":{"line":185,"column":19},"end":{"line":185,"column":37}},"45":{"start":{"line":187,"column":29},"end":{"line":190,"column":5}},"46":{"start":{"line":188,"column":22},"end":{"line":188,"column":53}},"47":{"start":{"line":192,"column":27},"end":{"line":195,"column":5}},"48":{"start":{"line":193,"column":22},"end":{"line":193,"column":53}},"49":{"start":{"line":197,"column":28},"end":{"line":199,"column":9}},"50":{"start":{"line":198,"column":50},"end":{"line":198,"column":77}},"51":{"start":{"line":201,"column":4},"end":{"line":210,"column":6}},"52":{"start":{"line":219,"column":22},"end":{"line":219,"column":32}},"53":{"start":{"line":220,"column":19},"end":{"line":220,"column":61}},"54":{"start":{"line":221,"column":4},"end":{"line":221,"column":51}},"55":{"start":{"line":228,"column":4},"end":{"line":228,"column":28}},"56":{"start":{"line":229,"column":4},"end":{"line":229,"column":52}},"57":{"start":{"line":234,"column":0},"end":{"line":234,"column":38}}},"fnMap":{"0":{"name":"(anonymous_0)","decl":{"start":{"line":8,"column":2},"end":{"line":8,"column":3}},"loc":{"start":{"line":8,"column":16},"end":{"line":11,"column":3}},"line":8},"1":{"name":"(anonymous_1)","decl":{"start":{"line":19,"column":2},"end":{"line":19,"column":3}},"loc":{"start":{"line":19,"column":46},"end":{"line":92,"column":3}},"line":19},"2":{"name":"(anonymous_2)","decl":{"start":{"line":99,"column":2},"end":{"line":99,"column":3}},"loc":{"start":{"line":99,"column":44},"end":{"line":111,"column":3}},"line":99},"3":{"name":"(anonymous_3)","decl":{"start":{"line":102,"column":40},"end":{"line":102,"column":41}},"loc":{"start":{"line":103,"column":6},"end":{"line":107,"column":9}},"line":103},"4":{"name":"(anonymous_4)","decl":{"start":{"line":103,"column":43},"end":{"line":103,"column":44}},"loc":{"start":{"line":103,"column":53},"end":{"line":107,"column":7}},"line":103},"5":{"name":"(anonymous_5)","decl":{"start":{"line":118,"column":2},"end":{"line":118,"column":3}},"loc":{"start":{"line":118,"column":54},"end":{"line":137,"column":3}},"line":118},"6":{"name":"(anonymous_6)","decl":{"start":{"line":143,"column":2},"end":{"line":143,"column":3}},"loc":{"start":{"line":143,"column":25},"end":{"line":145,"column":3}},"line":143},"7":{"name":"(anonymous_7)","decl":{"start":{"line":151,"column":2},"end":{"line":151,"column":3}},"loc":{"start":{"line":151,"column":20},"end":{"line":153,"column":3}},"line":151},"8":{"name":"(anonymous_8)","decl":{"start":{"line":159,"column":2},"end":{"line":159,"column":3}},"loc":{"start":{"line":159,"column":21},"end":{"line":165,"column":3}},"line":159},"9":{"name":"(anonymous_9)","decl":{"start":{"line":160,"column":56},"end":{"line":160,"column":57}},"loc":{"start":{"line":160,"column":73},"end":{"line":164,"column":5}},"line":160},"10":{"name":"(anonymous_10)","decl":{"start":{"line":172,"column":2},"end":{"line":172,"column":3}},"loc":{"start":{"line":172,"column":31},"end":{"line":176,"column":3}},"line":172},"11":{"name":"(anonymous_11)","decl":{"start":{"line":182,"column":2},"end":{"line":182,"column":3}},"loc":{"start":{"line":182,"column":18},"end":{"line":211,"column":3}},"line":182},"12":{"name":"(anonymous_12)","decl":{"start":{"line":184,"column":49},"end":{"line":184,"column":50}},"loc":{"start":{"line":184,"column":54},"end":{"line":184,"column":63}},"line":184},"13":{"name":"(anonymous_13)","decl":{"start":{"line":188,"column":6},"end":{"line":188,"column":7}},"loc":{"start":{"line":188,"column":22},"end":{"line":188,"column":53}},"line":188},"14":{"name":"(anonymous_14)","decl":{"start":{"line":193,"column":6},"end":{"line":193,"column":7}},"loc":{"start":{"line":193,"column":22},"end":{"line":193,"column":53}},"line":193},"15":{"name":"(anonymous_15)","decl":{"start":{"line":198,"column":34},"end":{"line":198,"column":35}},"loc":{"start":{"line":198,"column":50},"end":{"line":198,"column":77}},"line":198},"16":{"name":"(anonymous_16)","decl":{"start":{"line":218,"column":2},"end":{"line":218,"column":3}},"loc":{"start":{"line":218,"column":32},"end":{"line":222,"column":3}},"line":218},"17":{"name":"(anonymous_17)","decl":{"start":{"line":227,"column":2},"end":{"line":227,"column":3}},"loc":{"start":{"line":227,"column":17},"end":{"line":230,"column":3}},"line":227}},"branchMap":{"0":{"loc":{"start":{"line":19,"column":32},"end":{"line":19,"column":44}},"type":"default-arg","locations":[{"start":{"line":19,"column":42},"end":{"line":19,"column":44}}],"line":19},"1":{"loc":{"start":{"line":26,"column":4},"end":{"line":28,"column":5}},"type":"if","locations":[{"start":{"line":26,"column":4},"end":{"line":28,"column":5}},{"start":{},"end":{}}],"line":26},"2":{"loc":{"start":{"line":51,"column":19},"end":{"line":51,"column":76}},"type":"binary-expr","locations":[{"start":{"line":51,"column":19},"end":{"line":51,"column":62}},{"start":{"line":51,"column":66},"end":{"line":51,"column":76}}],"line":51},"3":{"loc":{"start":{"line":53,"column":32},"end":{"line":53,"column":100}},"type":"binary-expr","locations":[{"start":{"line":53,"column":32},"end":{"line":53,"column":86}},{"start":{"line":53,"column":90},"end":{"line":53,"column":100}}],"line":53},"4":{"loc":{"start":{"line":56,"column":20},"end":{"line":56,"column":46}},"type":"binary-expr","locations":[{"start":{"line":56,"column":20},"end":{"line":56,"column":41}},{"start":{"line":56,"column":45},"end":{"line":56,"column":46}}],"line":56},"5":{"loc":{"start":{"line":62,"column":6},"end":{"line":64,"column":7}},"type":"if","locations":[{"start":{"line":62,"column":6},"end":{"line":64,"column":7}},{"start":{},"end":{}}],"line":62},"6":{"loc":{"start":{"line":172,"column":19},"end":{"line":172,"column":29}},"type":"default-arg","locations":[{"start":{"line":172,"column":27},"end":{"line":172,"column":29}}],"line":172},"7":{"loc":{"start":{"line":188,"column":29},"end":{"line":188,"column":52}},"type":"binary-expr","locations":[{"start":{"line":188,"column":29},"end":{"line":188,"column":47}},{"start":{"line":188,"column":51},"end":{"line":188,"column":52}}],"line":188},"8":{"loc":{"start":{"line":193,"column":29},"end":{"line":193,"column":52}},"type":"binary-expr","locations":[{"start":{"line":193,"column":29},"end":{"line":193,"column":47}},{"start":{"line":193,"column":51},"end":{"line":193,"column":52}}],"line":193},"9":{"loc":{"start":{"line":197,"column":28},"end":{"line":199,"column":9}},"type":"cond-expr","locations":[{"start":{"line":198,"column":8},"end":{"line":198,"column":89}},{"start":{"line":199,"column":8},"end":{"line":199,"column":9}}],"line":197},"10":{"loc":{"start":{"line":198,"column":57},"end":{"line":198,"column":76}},"type":"binary-expr","locations":[{"start":{"line":198,"column":57},"end":{"line":198,"column":71}},{"start":{"line":198,"column":75},"end":{"line":198,"column":76}}],"line":198},"11":{"loc":{"start":{"line":205,"column":19},"end":{"line":205,"column":81}},"type":"cond-expr","locations":[{"start":{"line":205,"column":31},"end":{"line":205,"column":74}},{"start":{"line":205,"column":77},"end":{"line":205,"column":81}}],"line":205}},"s":{"0":0,"1":0,"2":0,"3":0,"4":0,"5":0,"6":0,"7":0,"8":0,"9":0,"10":0,"11":0,"12":0,"13":0,"14":0,"15":0,"16":0,"17":0,"18":0,"19":0,"20":0,"21":0,"22":0,"23":0,"24":0,"25":0,"26":0,"27":0,"28":0,"29":0,"30":0,"31":0,"32":0,"33":0,"34":0,"35":0,"36":0,"37":0,"38":0,"39":0,"40":0,"41":0,"42":0,"43":0,"44":0,"45":0,"46":0,"47":0,"48":0,"49":0,"50":0,"51":0,"52":0,"53":0,"54":0,"55":0,"56":0,"57":0},"f":{"0":0,"1":0,"2":0,"3":0,"4":0,"5":0,"6":0,"7":0,"8":0,"9":0,"10":0,"11":0,"12":0,"13":0,"14":0,"15":0,"16":0,"17":0},"b":{"0":[0],"1":[0,0],"2":[0,0],"3":[0,0],"4":[0,0],"5":[0,0],"6":[0],"7":[0,0],"8":[0,0],"9":[0,0],"10":[0,0],"11":[0,0]}}
,"C:\\Users\\59899\\_Modulos\\Laburing\\JobPersonilisePortal\\backend\\src\\services\\scrapers\\JobPortalScraper.js": {"path":"C:\\Users\\59899\\_Modulos\\Laburing\\JobPersonilisePortal\\backend\\src\\services\\scrapers\\JobPortalScraper.js","statementMap":{"0":{"start":{"line":1,"column":14},"end":{"line":1,"column":30}},"1":{"start":{"line":2,"column":16},"end":{"line":2,"column":34}},"2":{"start":{"line":3,"column":12},"end":{"line":3,"column":39}},"3":{"start":{"line":11,"column":4},"end":{"line":11,"column":40}},"4":{"start":{"line":12,"column":4},"end":{"line":12,"column":45}},"5":{"start":{"line":13,"column":4},"end":{"line":13,"column":43}},"6":{"start":{"line":14,"column":4},"end":{"line":14,"column":45}},"7":{"start":{"line":15,"column":4},"end":{"line":15,"column":68}},"8":{"start":{"line":16,"column":4},"end":{"line":16,"column":104}},"9":{"start":{"line":18,"column":4},"end":{"line":18,"column":19}},"10":{"start":{"line":19,"column":4},"end":{"line":19,"column":21}},"11":{"start":{"line":28,"column":4},"end":{"line":28,"column":74}},"12":{"start":{"line":39,"column":4},"end":{"line":63,"column":5}},"13":{"start":{"line":39,"column":23},"end":{"line":39,"column":24}},"14":{"start":{"line":40,"column":6},"end":{"line":62,"column":7}},"15":{"start":{"line":41,"column":8},"end":{"line":41,"column":97}},"16":{"start":{"line":43,"column":25},"end":{"line":52,"column":10}},"17":{"start":{"line":54,"column":8},"end":{"line":54,"column":29}},"18":{"start":{"line":56,"column":8},"end":{"line":56,"column":26}},"19":{"start":{"line":57,"column":8},"end":{"line":57,"column":86}},"20":{"start":{"line":59,"column":8},"end":{"line":61,"column":9}},"21":{"start":{"line":60,"column":10},"end":{"line":60,"column":64}},"22":{"start":{"line":65,"column":4},"end":{"line":65,"column":102}},"23":{"start":{"line":74,"column":4},"end":{"line":74,"column":30}},"24":{"start":{"line":83,"column":17},"end":{"line":83,"column":42}},"25":{"start":{"line":84,"column":4},"end":{"line":84,"column":32}},"26":{"start":{"line":93,"column":4},"end":{"line":103,"column":6}},"27":{"start":{"line":112,"column":4},"end":{"line":112,"column":25}},"28":{"start":{"line":112,"column":15},"end":{"line":112,"column":25}},"29":{"start":{"line":113,"column":4},"end":{"line":116,"column":14}},"30":{"start":{"line":125,"column":19},"end":{"line":125,"column":65}},"31":{"start":{"line":126,"column":22},"end":{"line":126,"column":97}},"32":{"start":{"line":127,"column":24},"end":{"line":127,"column":101}},"33":{"start":{"line":128,"column":22},"end":{"line":128,"column":32}},"34":{"start":{"line":130,"column":4},"end":{"line":130,"column":64}},"35":{"start":{"line":139,"column":21},"end":{"line":139,"column":76}},"36":{"start":{"line":140,"column":20},"end":{"line":140,"column":57}},"37":{"start":{"line":140,"column":45},"end":{"line":140,"column":56}},"38":{"start":{"line":142,"column":4},"end":{"line":145,"column":5}},"39":{"start":{"line":143,"column":6},"end":{"line":143,"column":96}},"40":{"start":{"line":144,"column":6},"end":{"line":144,"column":19}},"41":{"start":{"line":147,"column":4},"end":{"line":147,"column":16}},"42":{"start":{"line":156,"column":23},"end":{"line":156,"column":40}},"43":{"start":{"line":158,"column":4},"end":{"line":161,"column":5}},"44":{"start":{"line":159,"column":6},"end":{"line":159,"column":54}},"45":{"start":{"line":160,"column":6},"end":{"line":160,"column":52}},"46":{"start":{"line":163,"column":16},"end":{"line":163,"column":17}},"47":{"start":{"line":164,"column":17},"end":{"line":164,"column":18}},"48":{"start":{"line":165,"column":21},"end":{"line":165,"column":22}},"49":{"start":{"line":167,"column":4},"end":{"line":192,"column":5}},"50":{"start":{"line":168,"column":6},"end":{"line":191,"column":7}},"51":{"start":{"line":169,"column":27},"end":{"line":169,"column":49}},"52":{"start":{"line":171,"column":8},"end":{"line":174,"column":9}},"53":{"start":{"line":172,"column":10},"end":{"line":172,"column":19}},"54":{"start":{"line":173,"column":10},"end":{"line":173,"column":19}},"55":{"start":{"line":176,"column":23},"end":{"line":180,"column":9}},"56":{"start":{"line":182,"column":8},"end":{"line":186,"column":9}},"57":{"start":{"line":183,"column":10},"end":{"line":183,"column":18}},"58":{"start":{"line":184,"column":15},"end":{"line":186,"column":9}},"59":{"start":{"line":185,"column":10},"end":{"line":185,"column":23}},"60":{"start":{"line":188,"column":8},"end":{"line":188,"column":77}},"61":{"start":{"line":189,"column":8},"end":{"line":189,"column":17}},"62":{"start":{"line":190,"column":8},"end":{"line":190,"column":56}},"63":{"start":{"line":194,"column":4},"end":{"line":194,"column":104}},"64":{"start":{"line":196,"column":4},"end":{"line":196,"column":67}},"65":{"start":{"line":207,"column":4},"end":{"line":212,"column":5}},"66":{"start":{"line":208,"column":22},"end":{"line":208,"column":71}},"67":{"start":{"line":209,"column":6},"end":{"line":209,"column":35}},"68":{"start":{"line":211,"column":6},"end":{"line":211,"column":16}},"69":{"start":{"line":224,"column":4},"end":{"line":229,"column":5}},"70":{"start":{"line":225,"column":22},"end":{"line":225,"column":71}},"71":{"start":{"line":226,"column":6},"end":{"line":226,"column":43}},"72":{"start":{"line":228,"column":6},"end":{"line":228,"column":16}},"73":{"start":{"line":238,"column":4},"end":{"line":238,"column":59}},"74":{"start":{"line":238,"column":34},"end":{"line":238,"column":57}},"75":{"start":{"line":246,"column":4},"end":{"line":251,"column":6}},"76":{"start":{"line":258,"column":4},"end":{"line":258,"column":19}},"77":{"start":{"line":259,"column":4},"end":{"line":259,"column":21}},"78":{"start":{"line":263,"column":0},"end":{"line":263,"column":34}}},"fnMap":{"0":{"name":"(anonymous_0)","decl":{"start":{"line":10,"column":2},"end":{"line":10,"column":3}},"loc":{"start":{"line":10,"column":27},"end":{"line":20,"column":3}},"line":10},"1":{"name":"(anonymous_1)","decl":{"start":{"line":27,"column":2},"end":{"line":27,"column":3}},"loc":{"start":{"line":27,"column":29},"end":{"line":29,"column":3}},"line":27},"2":{"name":"(anonymous_2)","decl":{"start":{"line":36,"column":2},"end":{"line":36,"column":3}},"loc":{"start":{"line":36,"column":23},"end":{"line":66,"column":3}},"line":36},"3":{"name":"(anonymous_3)","decl":{"start":{"line":73,"column":2},"end":{"line":73,"column":3}},"loc":{"start":{"line":73,"column":18},"end":{"line":75,"column":3}},"line":73},"4":{"name":"(anonymous_4)","decl":{"start":{"line":82,"column":2},"end":{"line":82,"column":3}},"loc":{"start":{"line":82,"column":27},"end":{"line":85,"column":3}},"line":82},"5":{"name":"(anonymous_5)","decl":{"start":{"line":92,"column":2},"end":{"line":92,"column":3}},"loc":{"start":{"line":92,"column":20},"end":{"line":104,"column":3}},"line":92},"6":{"name":"(anonymous_6)","decl":{"start":{"line":111,"column":2},"end":{"line":111,"column":3}},"loc":{"start":{"line":111,"column":18},"end":{"line":117,"column":3}},"line":111},"7":{"name":"(anonymous_7)","decl":{"start":{"line":124,"column":2},"end":{"line":124,"column":3}},"loc":{"start":{"line":124,"column":26},"end":{"line":131,"column":3}},"line":124},"8":{"name":"(anonymous_8)","decl":{"start":{"line":138,"column":2},"end":{"line":138,"column":3}},"loc":{"start":{"line":138,"column":23},"end":{"line":148,"column":3}},"line":138},"9":{"name":"(anonymous_9)","decl":{"start":{"line":140,"column":36},"end":{"line":140,"column":37}},"loc":{"start":{"line":140,"column":45},"end":{"line":140,"column":56}},"line":140},"10":{"name":"(anonymous_10)","decl":{"start":{"line":155,"column":2},"end":{"line":155,"column":3}},"loc":{"start":{"line":155,"column":30},"end":{"line":197,"column":3}},"line":155},"11":{"name":"(anonymous_11)","decl":{"start":{"line":206,"column":2},"end":{"line":206,"column":3}},"loc":{"start":{"line":206,"column":43},"end":{"line":213,"column":3}},"line":206},"12":{"name":"(anonymous_12)","decl":{"start":{"line":223,"column":2},"end":{"line":223,"column":3}},"loc":{"start":{"line":223,"column":59},"end":{"line":230,"column":3}},"line":223},"13":{"name":"(anonymous_13)","decl":{"start":{"line":237,"column":2},"end":{"line":237,"column":3}},"loc":{"start":{"line":237,"column":12},"end":{"line":239,"column":3}},"line":237},"14":{"name":"(anonymous_14)","decl":{"start":{"line":238,"column":23},"end":{"line":238,"column":24}},"loc":{"start":{"line":238,"column":34},"end":{"line":238,"column":57}},"line":238},"15":{"name":"(anonymous_15)","decl":{"start":{"line":245,"column":2},"end":{"line":245,"column":3}},"loc":{"start":{"line":245,"column":13},"end":{"line":252,"column":3}},"line":245},"16":{"name":"(anonymous_16)","decl":{"start":{"line":257,"column":2},"end":{"line":257,"column":3}},"loc":{"start":{"line":257,"column":10},"end":{"line":260,"column":3}},"line":257}},"branchMap":{"0":{"loc":{"start":{"line":10,"column":14},"end":{"line":10,"column":25}},"type":"default-arg","locations":[{"start":{"line":10,"column":23},"end":{"line":10,"column":25}}],"line":10},"1":{"loc":{"start":{"line":11,"column":19},"end":{"line":11,"column":39}},"type":"binary-expr","locations":[{"start":{"line":11,"column":19},"end":{"line":11,"column":33}},{"start":{"line":11,"column":37},"end":{"line":11,"column":39}}],"line":11},"2":{"loc":{"start":{"line":12,"column":18},"end":{"line":12,"column":44}},"type":"binary-expr","locations":[{"start":{"line":12,"column":18},"end":{"line":12,"column":31}},{"start":{"line":12,"column":35},"end":{"line":12,"column":44}}],"line":12},"3":{"loc":{"start":{"line":13,"column":19},"end":{"line":13,"column":42}},"type":"binary-expr","locations":[{"start":{"line":13,"column":19},"end":{"line":13,"column":33}},{"start":{"line":13,"column":37},"end":{"line":13,"column":42}}],"line":13},"4":{"loc":{"start":{"line":14,"column":22},"end":{"line":14,"column":44}},"type":"binary-expr","locations":[{"start":{"line":14,"column":22},"end":{"line":14,"column":39}},{"start":{"line":14,"column":43},"end":{"line":14,"column":44}}],"line":14},"5":{"loc":{"start":{"line":15,"column":32},"end":{"line":15,"column":67}},"type":"binary-expr","locations":[{"start":{"line":15,"column":32},"end":{"line":15,"column":59}},{"start":{"line":15,"column":63},"end":{"line":15,"column":67}}],"line":15},"6":{"loc":{"start":{"line":16,"column":21},"end":{"line":16,"column":103}},"type":"binary-expr","locations":[{"start":{"line":16,"column":21},"end":{"line":16,"column":37}},{"start":{"line":16,"column":41},"end":{"line":16,"column":103}}],"line":16},"7":{"loc":{"start":{"line":27,"column":15},"end":{"line":27,"column":27}},"type":"default-arg","locations":[{"start":{"line":27,"column":25},"end":{"line":27,"column":27}}],"line":27},"8":{"loc":{"start":{"line":59,"column":8},"end":{"line":61,"column":9}},"type":"if","locations":[{"start":{"line":59,"column":8},"end":{"line":61,"column":9}},{"start":{},"end":{}}],"line":59},"9":{"loc":{"start":{"line":99,"column":17},"end":{"line":99,"column":44}},"type":"binary-expr","locations":[{"start":{"line":99,"column":17},"end":{"line":99,"column":38}},{"start":{"line":99,"column":42},"end":{"line":99,"column":44}}],"line":99},"10":{"loc":{"start":{"line":100,"column":18},"end":{"line":100,"column":64}},"type":"binary-expr","locations":[{"start":{"line":100,"column":18},"end":{"line":100,"column":32}},{"start":{"line":100,"column":36},"end":{"line":100,"column":64}}],"line":100},"11":{"loc":{"start":{"line":101,"column":12},"end":{"line":101,"column":67}},"type":"cond-expr","locations":[{"start":{"line":101,"column":38},"end":{"line":101,"column":62}},{"start":{"line":101,"column":65},"end":{"line":101,"column":67}}],"line":101},"12":{"loc":{"start":{"line":102,"column":16},"end":{"line":102,"column":42}},"type":"binary-expr","locations":[{"start":{"line":102,"column":16},"end":{"line":102,"column":28}},{"start":{"line":102,"column":32},"end":{"line":102,"column":42}}],"line":102},"13":{"loc":{"start":{"line":112,"column":4},"end":{"line":112,"column":25}},"type":"if","locations":[{"start":{"line":112,"column":4},"end":{"line":112,"column":25}},{"start":{},"end":{}}],"line":112},"14":{"loc":{"start":{"line":126,"column":22},"end":{"line":126,"column":97}},"type":"binary-expr","locations":[{"start":{"line":126,"column":22},"end":{"line":126,"column":84}},{"start":{"line":126,"column":88},"end":{"line":126,"column":97}}],"line":126},"15":{"loc":{"start":{"line":127,"column":24},"end":{"line":127,"column":101}},"type":"binary-expr","locations":[{"start":{"line":127,"column":24},"end":{"line":127,"column":88}},{"start":{"line":127,"column":92},"end":{"line":127,"column":101}}],"line":127},"16":{"loc":{"start":{"line":142,"column":4},"end":{"line":145,"column":5}},"type":"if","locations":[{"start":{"line":142,"column":4},"end":{"line":145,"column":5}},{"start":{},"end":{}}],"line":142},"17":{"loc":{"start":{"line":155,"column":17},"end":{"line":155,"column":28}},"type":"default-arg","locations":[{"start":{"line":155,"column":24},"end":{"line":155,"column":28}}],"line":155},"18":{"loc":{"start":{"line":156,"column":23},"end":{"line":156,"column":40}},"type":"binary-expr","locations":[{"start":{"line":156,"column":23},"end":{"line":156,"column":27}},{"start":{"line":156,"column":31},"end":{"line":156,"column":40}}],"line":156},"19":{"loc":{"start":{"line":158,"column":4},"end":{"line":161,"column":5}},"type":"if","locations":[{"start":{"line":158,"column":4},"end":{"line":161,"column":5}},{"start":{},"end":{}}],"line":158},"20":{"loc":{"start":{"line":171,"column":8},"end":{"line":174,"column":9}},"type":"if","locations":[{"start":{"line":171,"column":8},"end":{"line":174,"column":9}},{"start":{},"end":{}}],"line":171},"21":{"loc":{"start":{"line":182,"column":8},"end":{"line":186,"column":9}},"type":"if","locations":[{"start":{"line":182,"column":8},"end":{"line":186,"column":9}},{"start":{"line":184,"column":15},"end":{"line":186,"column":9}}],"line":182},"22":{"loc":{"start":{"line":184,"column":15},"end":{"line":186,"column":9}},"type":"if","locations":[{"start":{"line":184,"column":15},"end":{"line":186,"column":9}},{"start":{},"end":{}}],"line":184},"23":{"loc":{"start":{"line":206,"column":27},"end":{"line":206,"column":41}},"type":"default-arg","locations":[{"start":{"line":206,"column":37},"end":{"line":206,"column":41}}],"line":206},"24":{"loc":{"start":{"line":208,"column":22},"end":{"line":208,"column":71}},"type":"cond-expr","locations":[{"start":{"line":208,"column":32},"end":{"line":208,"column":57}},{"start":{"line":208,"column":60},"end":{"line":208,"column":71}}],"line":208},"25":{"loc":{"start":{"line":223,"column":43},"end":{"line":223,"column":57}},"type":"default-arg","locations":[{"start":{"line":223,"column":53},"end":{"line":223,"column":57}}],"line":223},"26":{"loc":{"start":{"line":225,"column":22},"end":{"line":225,"column":71}},"type":"cond-expr","locations":[{"start":{"line":225,"column":32},"end":{"line":225,"column":57}},{"start":{"line":225,"column":60},"end":{"line":225,"column":71}}],"line":225},"27":{"loc":{"start":{"line":226,"column":13},"end":{"line":226,"column":42}},"type":"binary-expr","locations":[{"start":{"line":226,"column":13},"end":{"line":226,"column":36}},{"start":{"line":226,"column":40},"end":{"line":226,"column":42}}],"line":226}},"s":{"0":2,"1":2,"2":2,"3":43,"4":43,"5":43,"6":43,"7":43,"8":43,"9":43,"10":43,"11":1,"12":2,"13":2,"14":3,"15":3,"16":3,"17":1,"18":2,"19":2,"20":2,"21":2,"22":0,"23":1,"24":2,"25":1,"26":6,"27":28,"28":6,"29":22,"30":6,"31":6,"32":6,"33":6,"34":6,"35":5,"36":5,"37":25,"38":5,"39":2,"40":2,"41":3,"42":5,"43":5,"44":2,"45":2,"46":3,"47":3,"48":3,"49":3,"50":3,"51":3,"52":3,"53":1,"54":1,"55":2,"56":2,"57":1,"58":1,"59":1,"60":0,"61":0,"62":0,"63":3,"64":3,"65":15,"66":15,"67":15,"68":0,"69":4,"70":4,"71":4,"72":0,"73":3,"74":3,"75":1,"76":3,"77":3,"78":2},"f":{"0":43,"1":1,"2":2,"3":1,"4":2,"5":6,"6":28,"7":6,"8":5,"9":25,"10":5,"11":15,"12":4,"13":3,"14":3,"15":1,"16":3},"b":{"0":[1],"1":[43,1],"2":[43,1],"3":[43,1],"4":[43,22],"5":[43,22],"6":[43,43],"7":[1],"8":[2,0],"9":[6,1],"10":[6,2],"11":[1,5],"12":[6,5],"13":[6,22],"14":[6,1],"15":[6,2],"16":[2,3],"17":[5],"18":[5,5],"19":[2,3],"20":[1,2],"21":[1,1],"22":[1,0],"23":[2],"24":[13,2],"25":[2],"26":[2,2],"27":[4,2]},"_coverageSchema":"1a1c01bbd47fc00a2c39e90264f33305004495a9","hash":"1d2771212cce33db8b7617903e59921657885b66"}
,"C:\\Users\\59899\\_Modulos\\Laburing\\JobPersonilisePortal\\backend\\src\\services\\scrapers\\LinkedInJobsScraper.js": {"path":"C:\\Users\\59899\\_Modulos\\Laburing\\JobPersonilisePortal\\backend\\src\\services\\scrapers\\LinkedInJobsScraper.js","statementMap":{"0":{"start":{"line":1,"column":25},"end":{"line":1,"column":54}},"1":{"start":{"line":12,"column":4},"end":{"line":19,"column":7}},"2":{"start":{"line":21,"column":4},"end":{"line":21,"column":41}},"3":{"start":{"line":30,"column":56},"end":{"line":30,"column":63}},"4":{"start":{"line":32,"column":4},"end":{"line":32,"column":100}},"5":{"start":{"line":33,"column":4},"end":{"line":33,"column":17}},"6":{"start":{"line":35,"column":4},"end":{"line":76,"column":5}},"7":{"start":{"line":36,"column":6},"end":{"line":55,"column":7}},"8":{"start":{"line":36,"column":22},"end":{"line":36,"column":23}},"9":{"start":{"line":37,"column":22},"end":{"line":37,"column":31}},"10":{"start":{"line":38,"column":20},"end":{"line":38,"column":67}},"11":{"start":{"line":40,"column":8},"end":{"line":40,"column":78}},"12":{"start":{"line":42,"column":18},"end":{"line":42,"column":47}},"13":{"start":{"line":43,"column":25},"end":{"line":43,"column":58}},"14":{"start":{"line":45,"column":8},"end":{"line":48,"column":9}},"15":{"start":{"line":46,"column":10},"end":{"line":46,"column":61}},"16":{"start":{"line":47,"column":10},"end":{"line":47,"column":16}},"17":{"start":{"line":50,"column":8},"end":{"line":50,"column":36}},"18":{"start":{"line":52,"column":8},"end":{"line":54,"column":9}},"19":{"start":{"line":53,"column":10},"end":{"line":53,"column":54}},"20":{"start":{"line":57,"column":22},"end":{"line":57,"column":43}},"21":{"start":{"line":59,"column":6},"end":{"line":64,"column":8}},"22":{"start":{"line":67,"column":6},"end":{"line":67,"column":74}},"23":{"start":{"line":68,"column":6},"end":{"line":68,"column":69}},"24":{"start":{"line":70,"column":6},"end":{"line":75,"column":8}},"25":{"start":{"line":85,"column":53},"end":{"line":85,"column":59}},"26":{"start":{"line":87,"column":16},"end":{"line":87,"column":58}},"27":{"start":{"line":89,"column":4},"end":{"line":91,"column":5}},"28":{"start":{"line":90,"column":6},"end":{"line":90,"column":49}},"29":{"start":{"line":93,"column":4},"end":{"line":95,"column":5}},"30":{"start":{"line":94,"column":6},"end":{"line":94,"column":52}},"31":{"start":{"line":97,"column":4},"end":{"line":99,"column":5}},"32":{"start":{"line":98,"column":6},"end":{"line":98,"column":46}},"33":{"start":{"line":102,"column":4},"end":{"line":102,"column":48}},"34":{"start":{"line":103,"column":4},"end":{"line":103,"column":45}},"35":{"start":{"line":104,"column":4},"end":{"line":104,"column":44}},"36":{"start":{"line":106,"column":4},"end":{"line":106,"column":26}},"37":{"start":{"line":115,"column":17},"end":{"line":115,"column":19}},"38":{"start":{"line":118,"column":21},"end":{"line":118,"column":95}},"39":{"start":{"line":120,"column":4},"end":{"line":122,"column":5}},"40":{"start":{"line":121,"column":6},"end":{"line":121,"column":92}},"41":{"start":{"line":124,"column":4},"end":{"line":134,"column":7}},"42":{"start":{"line":125,"column":6},"end":{"line":133,"column":7}},"43":{"start":{"line":126,"column":20},"end":{"line":126,"column":51}},"44":{"start":{"line":128,"column":8},"end":{"line":130,"column":9}},"45":{"start":{"line":129,"column":10},"end":{"line":129,"column":25}},"46":{"start":{"line":132,"column":8},"end":{"line":132,"column":90}},"47":{"start":{"line":136,"column":4},"end":{"line":136,"column":16}},"48":{"start":{"line":146,"column":18},"end":{"line":146,"column":74}},"49":{"start":{"line":147,"column":20},"end":{"line":147,"column":79}},"50":{"start":{"line":148,"column":21},"end":{"line":148,"column":79}},"51":{"start":{"line":151,"column":20},"end":{"line":151,"column":87}},"52":{"start":{"line":153,"column":4},"end":{"line":155,"column":5}},"53":{"start":{"line":154,"column":6},"end":{"line":154,"column":62}},"54":{"start":{"line":158,"column":23},"end":{"line":158,"column":62}},"55":{"start":{"line":159,"column":18},"end":{"line":159,"column":51}},"56":{"start":{"line":162,"column":21},"end":{"line":162,"column":82}},"57":{"start":{"line":164,"column":4},"end":{"line":174,"column":6}},"58":{"start":{"line":184,"column":17},"end":{"line":184,"column":19}},"59":{"start":{"line":187,"column":21},"end":{"line":187,"column":74}},"60":{"start":{"line":188,"column":4},"end":{"line":191,"column":7}},"61":{"start":{"line":189,"column":18},"end":{"line":189,"column":37}},"62":{"start":{"line":190,"column":6},"end":{"line":190,"column":30}},"63":{"start":{"line":190,"column":15},"end":{"line":190,"column":30}},"64":{"start":{"line":193,"column":4},"end":{"line":193,"column":16}},"65":{"start":{"line":202,"column":4},"end":{"line":202,"column":37}},"66":{"start":{"line":202,"column":19},"end":{"line":202,"column":37}},"67":{"start":{"line":204,"column":16},"end":{"line":204,"column":26}},"68":{"start":{"line":207,"column":23},"end":{"line":207,"column":54}},"69":{"start":{"line":208,"column":4},"end":{"line":211,"column":5}},"70":{"start":{"line":209,"column":6},"end":{"line":209,"column":61}},"71":{"start":{"line":210,"column":6},"end":{"line":210,"column":17}},"72":{"start":{"line":214,"column":22},"end":{"line":214,"column":52}},"73":{"start":{"line":215,"column":4},"end":{"line":218,"column":5}},"74":{"start":{"line":216,"column":6},"end":{"line":216,"column":58}},"75":{"start":{"line":217,"column":6},"end":{"line":217,"column":17}},"76":{"start":{"line":221,"column":23},"end":{"line":221,"column":54}},"77":{"start":{"line":222,"column":4},"end":{"line":225,"column":5}},"78":{"start":{"line":223,"column":6},"end":{"line":223,"column":63}},"79":{"start":{"line":224,"column":6},"end":{"line":224,"column":17}},"80":{"start":{"line":228,"column":24},"end":{"line":228,"column":56}},"81":{"start":{"line":229,"column":4},"end":{"line":232,"column":5}},"82":{"start":{"line":230,"column":6},"end":{"line":230,"column":62}},"83":{"start":{"line":231,"column":6},"end":{"line":231,"column":17}},"84":{"start":{"line":234,"column":4},"end":{"line":234,"column":15}},"85":{"start":{"line":238,"column":0},"end":{"line":238,"column":37}}},"fnMap":{"0":{"name":"(anonymous_0)","decl":{"start":{"line":11,"column":2},"end":{"line":11,"column":3}},"loc":{"start":{"line":11,"column":27},"end":{"line":22,"column":3}},"line":11},"1":{"name":"(anonymous_1)","decl":{"start":{"line":29,"column":2},"end":{"line":29,"column":3}},"loc":{"start":{"line":29,"column":29},"end":{"line":77,"column":3}},"line":29},"2":{"name":"(anonymous_2)","decl":{"start":{"line":84,"column":2},"end":{"line":84,"column":3}},"loc":{"start":{"line":84,"column":25},"end":{"line":107,"column":3}},"line":84},"3":{"name":"(anonymous_3)","decl":{"start":{"line":114,"column":2},"end":{"line":114,"column":3}},"loc":{"start":{"line":114,"column":31},"end":{"line":137,"column":3}},"line":114},"4":{"name":"(anonymous_4)","decl":{"start":{"line":124,"column":18},"end":{"line":124,"column":19}},"loc":{"start":{"line":124,"column":38},"end":{"line":134,"column":5}},"line":124},"5":{"name":"(anonymous_5)","decl":{"start":{"line":145,"column":2},"end":{"line":145,"column":3}},"loc":{"start":{"line":145,"column":29},"end":{"line":175,"column":3}},"line":145},"6":{"name":"(anonymous_6)","decl":{"start":{"line":183,"column":2},"end":{"line":183,"column":3}},"loc":{"start":{"line":183,"column":26},"end":{"line":194,"column":3}},"line":183},"7":{"name":"(anonymous_7)","decl":{"start":{"line":188,"column":18},"end":{"line":188,"column":19}},"loc":{"start":{"line":188,"column":29},"end":{"line":191,"column":5}},"line":188},"8":{"name":"(anonymous_8)","decl":{"start":{"line":201,"column":2},"end":{"line":201,"column":3}},"loc":{"start":{"line":201,"column":28},"end":{"line":235,"column":3}},"line":201}},"branchMap":{"0":{"loc":{"start":{"line":11,"column":14},"end":{"line":11,"column":25}},"type":"default-arg","locations":[{"start":{"line":11,"column":23},"end":{"line":11,"column":25}}],"line":11},"1":{"loc":{"start":{"line":13,"column":15},"end":{"line":13,"column":59}},"type":"binary-expr","locations":[{"start":{"line":13,"column":15},"end":{"line":13,"column":29}},{"start":{"line":13,"column":33},"end":{"line":13,"column":59}}],"line":13},"2":{"loc":{"start":{"line":15,"column":15},"end":{"line":15,"column":38}},"type":"binary-expr","locations":[{"start":{"line":15,"column":15},"end":{"line":15,"column":29}},{"start":{"line":15,"column":33},"end":{"line":15,"column":38}}],"line":15},"3":{"loc":{"start":{"line":16,"column":18},"end":{"line":16,"column":40}},"type":"binary-expr","locations":[{"start":{"line":16,"column":18},"end":{"line":16,"column":35}},{"start":{"line":16,"column":39},"end":{"line":16,"column":40}}],"line":16},"4":{"loc":{"start":{"line":17,"column":28},"end":{"line":17,"column":63}},"type":"binary-expr","locations":[{"start":{"line":17,"column":28},"end":{"line":17,"column":55}},{"start":{"line":17,"column":59},"end":{"line":17,"column":63}}],"line":17},"5":{"loc":{"start":{"line":29,"column":15},"end":{"line":29,"column":27}},"type":"default-arg","locations":[{"start":{"line":29,"column":25},"end":{"line":29,"column":27}}],"line":29},"6":{"loc":{"start":{"line":30,"column":12},"end":{"line":30,"column":22}},"type":"default-arg","locations":[{"start":{"line":30,"column":20},"end":{"line":30,"column":22}}],"line":30},"7":{"loc":{"start":{"line":30,"column":24},"end":{"line":30,"column":37}},"type":"default-arg","locations":[{"start":{"line":30,"column":35},"end":{"line":30,"column":37}}],"line":30},"8":{"loc":{"start":{"line":30,"column":39},"end":{"line":30,"column":51}},"type":"default-arg","locations":[{"start":{"line":30,"column":50},"end":{"line":30,"column":51}}],"line":30},"9":{"loc":{"start":{"line":45,"column":8},"end":{"line":48,"column":9}},"type":"if","locations":[{"start":{"line":45,"column":8},"end":{"line":48,"column":9}},{"start":{},"end":{}}],"line":45},"10":{"loc":{"start":{"line":52,"column":8},"end":{"line":54,"column":9}},"type":"if","locations":[{"start":{"line":52,"column":8},"end":{"line":54,"column":9}},{"start":{},"end":{}}],"line":52},"11":{"loc":{"start":{"line":85,"column":12},"end":{"line":85,"column":22}},"type":"default-arg","locations":[{"start":{"line":85,"column":20},"end":{"line":85,"column":22}}],"line":85},"12":{"loc":{"start":{"line":85,"column":24},"end":{"line":85,"column":37}},"type":"default-arg","locations":[{"start":{"line":85,"column":35},"end":{"line":85,"column":37}}],"line":85},"13":{"loc":{"start":{"line":85,"column":39},"end":{"line":85,"column":48}},"type":"default-arg","locations":[{"start":{"line":85,"column":47},"end":{"line":85,"column":48}}],"line":85},"14":{"loc":{"start":{"line":89,"column":4},"end":{"line":91,"column":5}},"type":"if","locations":[{"start":{"line":89,"column":4},"end":{"line":91,"column":5}},{"start":{},"end":{}}],"line":89},"15":{"loc":{"start":{"line":93,"column":4},"end":{"line":95,"column":5}},"type":"if","locations":[{"start":{"line":93,"column":4},"end":{"line":95,"column":5}},{"start":{},"end":{}}],"line":93},"16":{"loc":{"start":{"line":97,"column":4},"end":{"line":99,"column":5}},"type":"if","locations":[{"start":{"line":97,"column":4},"end":{"line":99,"column":5}},{"start":{},"end":{}}],"line":97},"17":{"loc":{"start":{"line":120,"column":4},"end":{"line":122,"column":5}},"type":"if","locations":[{"start":{"line":120,"column":4},"end":{"line":122,"column":5}},{"start":{},"end":{}}],"line":120},"18":{"loc":{"start":{"line":128,"column":8},"end":{"line":130,"column":9}},"type":"if","locations":[{"start":{"line":128,"column":8},"end":{"line":130,"column":9}},{"start":{},"end":{}}],"line":128},"19":{"loc":{"start":{"line":128,"column":12},"end":{"line":128,"column":43}},"type":"binary-expr","locations":[{"start":{"line":128,"column":12},"end":{"line":128,"column":15}},{"start":{"line":128,"column":19},"end":{"line":128,"column":28}},{"start":{"line":128,"column":32},"end":{"line":128,"column":43}}],"line":128},"20":{"loc":{"start":{"line":153,"column":4},"end":{"line":155,"column":5}},"type":"if","locations":[{"start":{"line":153,"column":4},"end":{"line":155,"column":5}},{"start":{},"end":{}}],"line":153},"21":{"loc":{"start":{"line":153,"column":8},"end":{"line":153,"column":50}},"type":"binary-expr","locations":[{"start":{"line":153,"column":8},"end":{"line":153,"column":17}},{"start":{"line":153,"column":21},"end":{"line":153,"column":50}}],"line":153},"22":{"loc":{"start":{"line":159,"column":18},"end":{"line":159,"column":51}},"type":"cond-expr","locations":[{"start":{"line":159,"column":31},"end":{"line":159,"column":44}},{"start":{"line":159,"column":47},"end":{"line":159,"column":51}}],"line":159},"23":{"loc":{"start":{"line":169,"column":17},"end":{"line":169,"column":42}},"type":"binary-expr","locations":[{"start":{"line":169,"column":17},"end":{"line":169,"column":26}},{"start":{"line":169,"column":30},"end":{"line":169,"column":42}}],"line":169},"24":{"loc":{"start":{"line":170,"column":18},"end":{"line":170,"column":91}},"type":"cond-expr","locations":[{"start":{"line":170,"column":26},"end":{"line":170,"column":45}},{"start":{"line":170,"column":48},"end":{"line":170,"column":91}}],"line":170},"25":{"loc":{"start":{"line":190,"column":6},"end":{"line":190,"column":30}},"type":"if","locations":[{"start":{"line":190,"column":6},"end":{"line":190,"column":30}},{"start":{},"end":{}}],"line":190},"26":{"loc":{"start":{"line":202,"column":4},"end":{"line":202,"column":37}},"type":"if","locations":[{"start":{"line":202,"column":4},"end":{"line":202,"column":37}},{"start":{},"end":{}}],"line":202},"27":{"loc":{"start":{"line":208,"column":4},"end":{"line":211,"column":5}},"type":"if","locations":[{"start":{"line":208,"column":4},"end":{"line":211,"column":5}},{"start":{},"end":{}}],"line":208},"28":{"loc":{"start":{"line":215,"column":4},"end":{"line":218,"column":5}},"type":"if","locations":[{"start":{"line":215,"column":4},"end":{"line":218,"column":5}},{"start":{},"end":{}}],"line":215},"29":{"loc":{"start":{"line":222,"column":4},"end":{"line":225,"column":5}},"type":"if","locations":[{"start":{"line":222,"column":4},"end":{"line":225,"column":5}},{"start":{},"end":{}}],"line":222},"30":{"loc":{"start":{"line":229,"column":4},"end":{"line":232,"column":5}},"type":"if","locations":[{"start":{"line":229,"column":4},"end":{"line":232,"column":5}},{"start":{},"end":{}}],"line":229}},"s":{"0":0,"1":0,"2":0,"3":0,"4":0,"5":0,"6":0,"7":0,"8":0,"9":0,"10":0,"11":0,"12":0,"13":0,"14":0,"15":0,"16":0,"17":0,"18":0,"19":0,"20":0,"21":0,"22":0,"23":0,"24":0,"25":0,"26":0,"27":0,"28":0,"29":0,"30":0,"31":0,"32":0,"33":0,"34":0,"35":0,"36":0,"37":0,"38":0,"39":0,"40":0,"41":0,"42":0,"43":0,"44":0,"45":0,"46":0,"47":0,"48":0,"49":0,"50":0,"51":0,"52":0,"53":0,"54":0,"55":0,"56":0,"57":0,"58":0,"59":0,"60":0,"61":0,"62":0,"63":0,"64":0,"65":0,"66":0,"67":0,"68":0,"69":0,"70":0,"71":0,"72":0,"73":0,"74":0,"75":0,"76":0,"77":0,"78":0,"79":0,"80":0,"81":0,"82":0,"83":0,"84":0,"85":0},"f":{"0":0,"1":0,"2":0,"3":0,"4":0,"5":0,"6":0,"7":0,"8":0},"b":{"0":[0],"1":[0,0],"2":[0,0],"3":[0,0],"4":[0,0],"5":[0],"6":[0],"7":[0],"8":[0],"9":[0,0],"10":[0,0],"11":[0],"12":[0],"13":[0],"14":[0,0],"15":[0,0],"16":[0,0],"17":[0,0],"18":[0,0],"19":[0,0,0],"20":[0,0],"21":[0,0],"22":[0,0],"23":[0,0],"24":[0,0],"25":[0,0],"26":[0,0],"27":[0,0],"28":[0,0],"29":[0,0],"30":[0,0]}}
,"C:\\Users\\59899\\_Modulos\\Laburing\\JobPersonilisePortal\\backend\\src\\services\\scrapers\\OficinaDeTrabajoCeiScraper.js": {"path":"C:\\Users\\59899\\_Modulos\\Laburing\\JobPersonilisePortal\\backend\\src\\services\\scrapers\\OficinaDeTrabajoCeiScraper.js","statementMap":{"0":{"start":{"line":1,"column":25},"end":{"line":1,"column":54}},"1":{"start":{"line":9,"column":4},"end":{"line":16,"column":7}},"2":{"start":{"line":19,"column":4},"end":{"line":19,"column":43}},"3":{"start":{"line":20,"column":4},"end":{"line":20,"column":48}},"4":{"start":{"line":32,"column":56},"end":{"line":32,"column":63}},"5":{"start":{"line":34,"column":4},"end":{"line":34,"column":100}},"6":{"start":{"line":35,"column":4},"end":{"line":35,"column":17}},"7":{"start":{"line":37,"column":4},"end":{"line":81,"column":5}},"8":{"start":{"line":38,"column":6},"end":{"line":57,"column":7}},"9":{"start":{"line":38,"column":22},"end":{"line":38,"column":23}},"10":{"start":{"line":39,"column":8},"end":{"line":39,"column":74}},"11":{"start":{"line":41,"column":20},"end":{"line":41,"column":66}},"12":{"start":{"line":42,"column":18},"end":{"line":42,"column":47}},"13":{"start":{"line":44,"column":25},"end":{"line":44,"column":58}},"14":{"start":{"line":46,"column":8},"end":{"line":49,"column":9}},"15":{"start":{"line":47,"column":10},"end":{"line":47,"column":77}},"16":{"start":{"line":48,"column":10},"end":{"line":48,"column":16}},"17":{"start":{"line":51,"column":8},"end":{"line":51,"column":36}},"18":{"start":{"line":54,"column":8},"end":{"line":56,"column":9}},"19":{"start":{"line":55,"column":10},"end":{"line":55,"column":54}},"20":{"start":{"line":59,"column":6},"end":{"line":59,"column":88}},"21":{"start":{"line":62,"column":22},"end":{"line":62,"column":43}},"22":{"start":{"line":64,"column":6},"end":{"line":69,"column":8}},"23":{"start":{"line":72,"column":6},"end":{"line":72,"column":74}},"24":{"start":{"line":73,"column":6},"end":{"line":73,"column":69}},"25":{"start":{"line":75,"column":6},"end":{"line":80,"column":8}},"26":{"start":{"line":90,"column":52},"end":{"line":90,"column":58}},"27":{"start":{"line":93,"column":16},"end":{"line":93,"column":58}},"28":{"start":{"line":95,"column":4},"end":{"line":97,"column":5}},"29":{"start":{"line":96,"column":6},"end":{"line":96,"column":42}},"30":{"start":{"line":99,"column":4},"end":{"line":101,"column":5}},"31":{"start":{"line":100,"column":6},"end":{"line":100,"column":52}},"32":{"start":{"line":103,"column":4},"end":{"line":105,"column":5}},"33":{"start":{"line":104,"column":6},"end":{"line":104,"column":44}},"34":{"start":{"line":107,"column":4},"end":{"line":107,"column":26}},"35":{"start":{"line":119,"column":17},"end":{"line":119,"column":19}},"36":{"start":{"line":123,"column":24},"end":{"line":123,"column":80}},"37":{"start":{"line":125,"column":4},"end":{"line":127,"column":5}},"38":{"start":{"line":126,"column":6},"end":{"line":126,"column":93}},"39":{"start":{"line":129,"column":4},"end":{"line":140,"column":7}},"40":{"start":{"line":130,"column":6},"end":{"line":139,"column":7}},"41":{"start":{"line":131,"column":20},"end":{"line":131,"column":51}},"42":{"start":{"line":133,"column":8},"end":{"line":135,"column":9}},"43":{"start":{"line":134,"column":10},"end":{"line":134,"column":25}},"44":{"start":{"line":137,"column":8},"end":{"line":137,"column":99}},"45":{"start":{"line":138,"column":8},"end":{"line":138,"column":58}},"46":{"start":{"line":142,"column":4},"end":{"line":142,"column":16}},"47":{"start":{"line":154,"column":18},"end":{"line":154,"column":85}},"48":{"start":{"line":155,"column":20},"end":{"line":155,"column":86}},"49":{"start":{"line":156,"column":21},"end":{"line":156,"column":85}},"50":{"start":{"line":157,"column":24},"end":{"line":157,"column":99}},"51":{"start":{"line":160,"column":20},"end":{"line":160,"column":91}},"52":{"start":{"line":163,"column":4},"end":{"line":165,"column":5}},"53":{"start":{"line":164,"column":6},"end":{"line":164,"column":62}},"54":{"start":{"line":168,"column":17},"end":{"line":168,"column":45}},"55":{"start":{"line":169,"column":23},"end":{"line":169,"column":57}},"56":{"start":{"line":172,"column":23},"end":{"line":172,"column":71}},"57":{"start":{"line":174,"column":4},"end":{"line":184,"column":6}},"58":{"start":{"line":194,"column":17},"end":{"line":194,"column":19}},"59":{"start":{"line":197,"column":24},"end":{"line":197,"column":86}},"60":{"start":{"line":199,"column":4},"end":{"line":204,"column":7}},"61":{"start":{"line":200,"column":18},"end":{"line":200,"column":37}},"62":{"start":{"line":201,"column":6},"end":{"line":203,"column":7}},"63":{"start":{"line":202,"column":8},"end":{"line":202,"column":23}},"64":{"start":{"line":207,"column":20},"end":{"line":207,"column":100}},"65":{"start":{"line":208,"column":4},"end":{"line":208,"column":36}},"66":{"start":{"line":208,"column":17},"end":{"line":208,"column":36}},"67":{"start":{"line":210,"column":4},"end":{"line":210,"column":32}},"68":{"start":{"line":220,"column":21},"end":{"line":220,"column":93}},"69":{"start":{"line":222,"column":4},"end":{"line":224,"column":5}},"70":{"start":{"line":223,"col
[...]
start":{"line":10,"column":15},"end":{"line":10,"column":63}},"type":"binary-expr","locations":[{"start":{"line":10,"column":15},"end":{"line":10,"column":29}},{"start":{"line":10,"column":33},"end":{"line":10,"column":63}}],"line":10},"2":{"loc":{"start":{"line":12,"column":15},"end":{"line":12,"column":38}},"type":"binary-expr","locations":[{"start":{"line":12,"column":15},"end":{"line":12,"column":29}},{"start":{"line":12,"column":33},"end":{"line":12,"column":38}}],"line":12},"3":{"loc":{"start":{"line":13,"column":18},"end":{"line":13,"column":40}},"type":"binary-expr","locations":[{"start":{"line":13,"column":18},"end":{"line":13,"column":35}},{"start":{"line":13,"column":39},"end":{"line":13,"column":40}}],"line":13},"4":{"loc":{"start":{"line":14,"column":28},"end":{"line":14,"column":63}},"type":"binary-expr","locations":[{"start":{"line":14,"column":28},"end":{"line":14,"column":55}},{"start":{"line":14,"column":59},"end":{"line":14,"column":63}}],"line":14},"5":{"loc":{"start":{"line":20,"column":23},"end":{"line":20,"column":47}},"type":"binary-expr","locations":[{"start":{"line":20,"column":23},"end":{"line":20,"column":41}},{"start":{"line":20,"column":45},"end":{"line":20,"column":47}}],"line":20},"6":{"loc":{"start":{"line":31,"column":15},"end":{"line":31,"column":27}},"type":"default-arg","locations":[{"start":{"line":31,"column":25},"end":{"line":31,"column":27}}],"line":31},"7":{"loc":{"start":{"line":32,"column":12},"end":{"line":32,"column":22}},"type":"default-arg","locations":[{"start":{"line":32,"column":20},"end":{"line":32,"column":22}}],"line":32},"8":{"loc":{"start":{"line":32,"column":24},"end":{"line":32,"column":37}},"type":"default-arg","locations":[{"start":{"line":32,"column":35},"end":{"line":32,"column":37}}],"line":32},"9":{"loc":{"start":{"line":32,"column":39},"end":{"line":32,"column":51}},"type":"default-arg","locations":[{"start":{"line":32,"column":50},"end":{"line":32,"column":51}}],"line":32},"10":{"loc":{"start":{"line":46,"column":8},"end":{"line":49,"column":9}},"type":"if","locations":[{"start":{"line":46,"column":8},"end":{"line":49,"column":9}},{"start":{},"end":{}}],"line":46},"11":{"loc":{"start":{"line":54,"column":8},"end":{"line":56,"column":9}},"type":"if","locations":[{"start":{"line":54,"column":8},"end":{"line":56,"column":9}},{"start":{},"end":{}}],"line":54},"12":{"loc":{"start":{"line":90,"column":12},"end":{"line":90,"column":22}},"type":"default-arg","locations":[{"start":{"line":90,"column":20},"end":{"line":90,"column":22}}],"line":90},"13":{"loc":{"start":{"line":90,"column":24},"end":{"line":90,"column":37}},"type":"default-arg","locations":[{"start":{"line":90,"column":35},"end":{"line":90,"column":37}}],"line":90},"14":{"loc":{"start":{"line":90,"column":39},"end":{"line":90,"column":47}},"type":"default-arg","locations":[{"start":{"line":90,"column":46},"end":{"line":90,"column":47}}],"line":90},"15":{"loc":{"start":{"line":95,"column":4},"end":{"line":97,"column":5}},"type":"if","locations":[{"start":{"line":95,"column":4},"end":{"line":97,"column":5}},{"start":{},"end":{}}],"line":95},"16":{"loc":{"start":{"line":99,"column":4},"end":{"line":101,"column":5}},"type":"if","locations":[{"start":{"line":99,"column":4},"end":{"line":101,"column":5}},{"start":{},"end":{}}],"line":99},"17":{"loc":{"start":{"line":103,"column":4},"end":{"line":105,"column":5}},"type":"if","locations":[{"start":{"line":103,"column":4},"end":{"line":105,"column":5}},{"start":{},"end":{}}],"line":103},"18":{"loc":{"start":{"line":125,"column":4},"end":{"line":127,"column":5}},"type":"if","locations":[{"start":{"line":125,"column":4},"end":{"line":127,"column":5}},{"start":{},"end":{}}],"line":125},"19":{"loc":{"start":{"line":133,"column":8},"end":{"line":135,"column":9}},"type":"if","locations":[{"start":{"line":133,"column":8},"end":{"line":135,"column":9}},{"start":{},"end":{}}],"line":133},"20":{"loc":{"start":{"line":133,"column":12},"end":{"line":133,"column":43}},"type":"binary-expr","locations":[{"start":{"line":133,"column":12},"end":{"line":133,"column":15}},{"start":{"line":133,"column":19},"end":{"line":133,"column":28}},{"start":{"line":133,"column":32},"end":{"line":133,"column":43}}],"line":133},"21":{"loc":{"start":{"line":163,"column":4},"end":{"line":165,"column":5}},"type":"if","locations":[{"start":{"line":163,"column":4},"end":{"line":165,"column":5}},{"start":{},"end":{}}],"line":163},"22":{"loc":{"start":{"line":163,"column":8},"end":{"line":163,"column":50}},"type":"binary-expr","locations":[{"start":{"line":163,"column":8},"end":{"line":163,"column":17}},{"start":{"line":163,"column":21},"end":{"line":163,"column":50}}],"line":163},"23":{"loc":{"start":{"line":179,"column":17},"end":{"line":179,"column":42}},"type":"binary-expr","locations":[{"start":{"line":179,"column":17},"end":{"line":179,"column":26}},{"start":{"line":179,"column":30},"end":{"line":179,"column":42}}],"line":179},"24":{"loc":{"start":{"line":201,"column":6},"end":{"line":203,"column":7}},"type":"if","locations":[{"start":{"line":201,"column":6},"end":{"line":203,"column":7}},{"start":{},"end":{}}],"line":201},"25":{"loc":{"start":{"line":207,"column":20},"end":{"line":207,"column":100}},"type":"binary-expr","locations":[{"start":{"line":207,"column":20},"end":{"line":207,"column":48}},{"start":{"line":207,"column":52},"end":{"line":207,"column":100}}],"line":207},"26":{"loc":{"start":{"line":208,"column":4},"end":{"line":208,"column":36}},"type":"if","locations":[{"start":{"line":208,"column":4},"end":{"line":208,"column":36}},{"start":{},"end":{}}],"line":208},"27":{"loc":{"start":{"line":222,"column":4},"end":{"line":224,"column":5}},"type":"if","locations":[{"start":{"line":222,"column":4},"end":{"line":224,"column":5}},{"start":{},"end":{}}],"line":222},"28":{"loc":{"start":{"line":228,"column":4},"end":{"line":233,"column":5}},"type":"if","locations":[{"start":{"line":228,"column":4},"end":{"line":233,"column":5}},{"start":{},"end":{}}],"line":228},"29":{"loc":{"start":{"line":237,"column":4},"end":{"line":239,"column":5}},"type":"if","locations":[{"start":{"line":237,"column":4},"end":{"line":239,"column":5}},{"start":{},"end":{}}],"line":237},"30":{"loc":{"start":{"line":255,"column":4},"end":{"line":258,"column":5}},"type":"if","locations":[{"start":{"line":255,"column":4},"end":{"line":258,"column":5}},{"start":{},"end":{}}],"line":255},"31":{"loc":{"start":{"line":256,"column":17},"end":{"line":256,"column":58}},"type":"binary-expr","locations":[{"start":{"line":256,"column":17},"end":{"line":256,"column":28}},{"start":{"line":256,"column":32},"end":{"line":256,"column":43}},{"start":{"line":256,"column":47},"end":{"line":256,"column":58}}],"line":256},"32":{"loc":{"start":{"line":274,"column":4},"end":{"line":279,"column":5}},"type":"if","locations":[{"start":{"line":274,"column":4},"end":{"line":279,"column":5}},{"start":{},"end":{}}],"line":274}},"s":{"0":1,"1":21,"2":21,"3":21,"4":2,"5":2,"6":2,"7":2,"8":2,"9":2,"10":2,"11":2,"12":2,"13":1,"14":1,"15":1,"16":1,"17":0,"18":0,"19":0,"20":1,"21":1,"22":1,"23":0,"24":0,"25":0,"26":7,"27":7,"28":7,"29":4,"30":7,"31":2,"32":7,"33":2,"34":7,"35":1,"36":1,"37":1,"38":1,"39":1,"40":0,"41":0,"42":0,"43":0,"44":0,"45":0,"46":1,"47":2,"48":2,"49":2,"50":2,"51":2,"52":2,"53":1,"54":2,"55":2,"56":2,"57":2,"58":4,"59":4,"60":4,"61":4,"62":4,"63":4,"64":4,"65":4,"66":1,"67":4,"68":5,"69":5,"70":5,"71":0,"72":0,"73":0,"74":0,"75":0,"76":0,"77":0,"78":0,"79":0,"80":0,"81":5,"82":5,"83":3,"84":3,"85":2,"86":1,"87":1,"88":1,"89":1,"90":1},"f":{"0":21,"1":2,"2":7,"3":1,"4":0,"5":2,"6":4,"7":4,"8":5,"9":5,"10":1},"b":{"0":[20],"1":[21,20],"2":[21,20],"3":[21,21],"4":[21,21],"5":[21,20],"6":[0],"7":[0],"8":[2],"9":[0],"10":[1,0],"11":[0,0],"12":[3],"13":[3],"14":[3],"15":[4,3],"16":[2,5],"17":[2,5],"18":[1,0],"19":[0,0],"20":[0,0,0],"21":[1,1],"22":[2,1],"23":[2,1],"24":[4,0],"25":[4,3],"26":[1,3],"27":[5,0],"28":[0,0],"29":[0,0],"30":[3,2],"31":[3,1,1],"32":[1,0]},"_coverageSchema":"1a1c01bbd47fc00a2c39e90264f33305004495a9","hash":"c9ca420c8aeb7ba9f33ff01028207c5563121457"}
,"C:\\Users\\59899\\_Modulos\\Laburing\\JobPersonilisePortal\\backend\\src\\services\\scrapers\\index.js": {"path":"C:\\Users\\59899\\_Modulos\\Laburing\\JobPersonilisePortal\\backend\\src\\services\\scrapers\\index.js","statementMap":{"0":{"start":{"line":6,"column":25},"end":{"line":6,"column":54}},"1":{"start":{"line":7,"column":35},"end":{"line":7,"column":74}},"2":{"start":{"line":8,"column":28},"end":{"line":8,"column":60}},"3":{"start":{"line":9,"column":24},"end":{"line":9,"column":52}},"4":{"start":{"line":11,"column":0},"end":{"line":26,"column":2}},"5":{"start":{"line":23,"column":32},"end":{"line":23,"column":72}},"6":{"start":{"line":24,"column":30},"end":{"line":24,"column":68}},"7":{"start":{"line":25,"column":25},"end":{"line":25,"column":58}}},"fnMap":{"0":{"name":"(anonymous_0)","decl":{"start":{"line":23,"column":14},"end":{"line":23,"column":15}},"loc":{"start":{"line":23,"column":32},"end":{"line":23,"column":72}},"line":23},"1":{"name":"(anonymous_1)","decl":{"start":{"line":24,"column":24},"end":{"line":24,"column":25}},"loc":{"start":{"line":24,"column":30},"end":{"line":24,"column":68}},"line":24},"2":{"name":"(anonymous_2)","decl":{"start":{"line":25,"column":19},"end":{"line":25,"column":20}},"loc":{"start":{"line":25,"column":25},"end":{"line":25,"column":58}},"line":25}},"branchMap":{},"s":{"0":0,"1":0,"2":0,"3":0,"4":0,"5":0,"6":0,"7":0},"f":{"0":0,"1":0,"2":0},"b":{}}
,"C:\\Users\\59899\\_Modulos\\Laburing\\JobPersonilisePortal\\backend\\src\\services\\scrapers\\scraperRegistry.js": {"path":"C:\\Users\\59899\\_Modulos\\Laburing\\JobPersonilisePortal\\backend\\src\\services\\scrapers\\scraperRegistry.js","statementMap":{"0":{"start":{"line":1,"column":35},"end":{"line":1,"column":74}},"1":{"start":{"line":2,"column":28},"end":{"line":2,"column":60}},"2":{"start":{"line":10,"column":4},"end":{"line":10,"column":30}},"3":{"start":{"line":11,"column":4},"end":{"line":11,"column":35}},"4":{"start":{"line":18,"column":4},"end":{"line":18,"column":69}},"5":{"start":{"line":19,"column":4},"end":{"line":19,"column":51}},"6":{"start":{"line":28,"column":4},"end":{"line":30,"column":5}},"7":{"start":{"line":29,"column":6},"end":{"line":29,"column":59}},"8":{"start":{"line":32,"column":4},"end":{"line":32,"column":42}},"9":{"start":{"line":33,"column":4},"end":{"line":33,"column":58}},"10":{"start":{"line":41,"column":4},"end":{"line":41,"column":31}},"11":{"start":{"line":42,"column":4},"end":{"line":42,"column":60}},"12":{"start":{"line":52,"column":25},"end":{"line":52,"column":48}},"13":{"start":{"line":54,"column":4},"end":{"line":56,"column":5}},"14":{"start":{"line":55,"column":6},"end":{"line":55,"column":115}},"15":{"start":{"line":58,"column":4},"end":{"line":58,"column":36}},"16":{"start":{"line":66,"column":4},"end":{"line":66,"column":44}},"17":{"start":{"line":75,"column":4},"end":{"line":75,"column":35}},"18":{"start":{"line":83,"column":17},"end":{"line":83,"column":19}},"19":{"start":{"line":85,"column":4},"end":{"line":92,"column":5}},"20":{"start":{"line":86,"column":23},"end":{"line":86,"column":41}},"21":{"start":{"line":87,"column":6},"end":{"line":91,"column":9}},"22":{"start":{"line":94,"column":4},"end":{"line":94,"column":16}},"23":{"start":{"line":99,"column":0},"end":{"line":99,"column":39}}},"fnMap":{"0":{"name":"(anonymous_0)","decl":{"start":{"line":9,"column":2},"end":{"line":9,"column":3}},"loc":{"start":{"line":9,"column":16},"end":{"line":12,"column":3}},"line":9},"1":{"name":"(anonymous_1)","decl":{"start":{"line":17,"column":2},"end":{"line":17,"column":3}},"loc":{"start":{"line":17,"column":28},"end":{"line":20,"column":3}},"line":17},"2":{"name":"(anonymous_2)","decl":{"start":{"line":27,"column":2},"end":{"line":27,"column":3}},"loc":{"start":{"line":27,"column":31},"end":{"line":34,"column":3}},"line":27},"3":{"name":"(anonymous_3)","decl":{"start":{"line":40,"column":2},"end":{"line":40,"column":3}},"loc":{"start":{"line":40,"column":19},"end":{"line":43,"column":3}},"line":40},"4":{"name":"(anonymous_4)","decl":{"start":{"line":51,"column":2},"end":{"line":51,"column":3}},"loc":{"start":{"line":51,"column":32},"end":{"line":59,"column":3}},"line":51},"5":{"name":"(anonymous_5)","decl":{"start":{"line":65,"column":2},"end":{"line":65,"column":3}},"loc":{"start":{"line":65,"column":25},"end":{"line":67,"column":3}},"line":65},"6":{"name":"(anonymous_6)","decl":{"start":{"line":74,"column":2},"end":{"line":74,"column":3}},"loc":{"start":{"line":74,"column":19},"end":{"line":76,"column":3}},"line":74},"7":{"name":"(anonymous_7)","decl":{"start":{"line":82,"column":2},"end":{"line":82,"column":3}},"loc":{"start":{"line":82,"column":20},"end":{"line":95,"column":3}},"line":82}},"branchMap":{"0":{"loc":{"start":{"line":28,"column":4},"end":{"line":30,"column":5}},"type":"if","locations":[{"start":{"line":28,"column":4},"end":{"line":30,"column":5}},{"start":{},"end":{}}],"line":28},"1":{"loc":{"start":{"line":51,"column":19},"end":{"line":51,"column":30}},"type":"default-arg","locations":[{"start":{"line":51,"column":28},"end":{"line":51,"column":30}}],"line":51},"2":{"loc":{"start":{"line":54,"column":4},"end":{"line":56,"column":5}},"type":"if","locations":[{"start":{"line":54,"column":4},"end":{"line":56,"column":5}},{"start":{},"end":{}}],"line":54}},"s":{"0":0,"1":0,"2":0,"3":0,"4":0,"5":0,"6":0,"7":0,"8":0,"9":0,"10":0,"11":0,"12":0,"13":0,"14":0,"15":0,"16":0,"17":0,"18":0,"19":0,"20":0,"21":0,"22":0,"23":0},"f":{"0":0,"1":0,"2":0,"3":0,"4":0,"5":0,"6":0,"7":0},"b":{"0":[0,0],"1":[0],"2":[0,0]}}
,"C:\\Users\\59899\\_Modulos\\Laburing\\JobPersonilisePortal\\backend\\src\\utils\\AppError.js": {"path":"C:\\Users\\59899\\_Modulos\\Laburing\\JobPersonilisePortal\\backend\\src\\utils\\AppError.js","statementMap":{"0":{"start":{"line":11,"column":4},"end":{"line":11,"column":19}},"1":{"start":{"line":13,"column":4},"end":{"line":13,"column":33}},"2":{"start":{"line":14,"column":4},"end":{"line":14,"column":69}},"3":{"start":{"line":15,"column":4},"end":{"line":15,"column":30}},"4":{"start":{"line":17,"column":4},"end":{"line":17,"column":52}},"5":{"start":{"line":21,"column":0},"end":{"line":21,"column":26}}},"fnMap":{"0":{"name":"(anonymous_0)","decl":{"start":{"line":10,"column":2},"end":{"line":10,"column":3}},"loc":{"start":{"line":10,"column":41},"end":{"line":18,"column":3}},"line":10}},"branchMap":{"0":{"loc":{"start":{"line":10,"column":23},"end":{"line":10,"column":39}},"type":"default-arg","locations":[{"start":{"line":10,"column":36},"end":{"line":10,"column":39}}],"line":10},"1":{"loc":{"start":{"line":14,"column":18},"end":{"line":14,"column":68}},"type":"cond-expr","locations":[{"start":{"line":14,"column":52},"end":{"line":14,"column":58}},{"start":{"line":14,"column":61},"end":{"line":14,"column":68}}],"line":14}},"s":{"0":45,"1":45,"2":45,"3":45,"4":45,"5":3},"f":{"0":45},"b":{"0":[2],"1":[40,5]},"_coverageSchema":"1a1c01bbd47fc00a2c39e90264f33305004495a9","hash":"6e8c90541037532ece2274b5ffb836b408625278"}
,"C:\\Users\\59899\\_Modulos\\Laburing\\JobPersonilisePortal\\backend\\src\\utils\\asyncHandler.js": {"path":"C:\\Users\\59899\\_Modulos\\Laburing\\JobPersonilisePortal\\backend\\src\\utils\\asyncHandler.js","statementMap":{"0":{"start":{"line":14,"column":21},"end":{"line":18,"column":1}},"1":{"start":{"line":15,"column":2},"end":{"line":17,"column":4}},"2":{"start":{"line":16,"column":4},"end":{"line":16,"column":52}},"3":{"start":{"line":20,"column":0},"end":{"line":20,"column":30}}},"fnMap":{"0":{"name":"(anonymous_0)","decl":{"start":{"line":14,"column":21},"end":{"line":14,"column":22}},"loc":{"start":{"line":14,"column":29},"end":{"line":18,"column":1}},"line":14},"1":{"name":"(anonymous_1)","decl":{"start":{"line":15,"column":9},"end":{"line":15,"column":10}},"loc":{"start":{"line":15,"column":29},"end":{"line":17,"column":3}},"line":15}},"branchMap":{},"s":{"0":1,"1":11,"2":12,"3":1},"f":{"0":11,"1":12},"b":{},"_coverageSchema":"1a1c01bbd47fc00a2c39e90264f33305004495a9","hash":"6da698ad6c57b82acc421fc8897390544de58a9d"}
,"C:\\Users\\59899\\_Modulos\\Laburing\\JobPersonilisePortal\\backend\\src\\utils\\responseFormatter.js": {"path":"C:\\Users\\59899\\_Modulos\\Laburing\\JobPersonilisePortal\\backend\\src\\utils\\responseFormatter.js","statementMap":{"0":{"start":{"line":13,"column":20},"end":{"line":23,"column":1}},"1":{"start":{"line":14,"column":19},"end":{"line":17,"column":3}},"2":{"start":{"line":19,"column":2},"end":{"line":19,"column":42}},"3":{"start":{"line":19,"column":15},"end":{"line":19,"column":42}},"4":{"start":{"line":20,"column":2},"end":{"line":20,"column":42}},"5":{"start":{"line":20,"column":21},"end":{"line":20,"column":42}},"6":{"start":{"line":22,"column":2},"end":{"line":22,"column":47}},"7":{"start":{"line":32,"column":18},"end":{"line":42,"column":1}},"8":{"start":{"line":33,"column":19},"end":{"line":37,"column":3}},"9":{"start":{"line":39,"column":2},"end":{"line":39,"column":39}},"10":{"start":{"line":39,"column":14},"end":{"line":39,"column":39}},"11":{"start":{"line":41,"column":2},"end":{"line":41,"column":47}},"12":{"start":{"line":52,"column":22},"end":{"line":64,"column":1}},"13":{"start":{"line":53,"column":2},"end":{"line":63,"column":5}},"14":{"start":{"line":66,"column":0},"end":{"line":70,"column":2}}},"fnMap":{"0":{"name":"(anonymous_0)","decl":{"start":{"line":13,"column":20},"end":{"line":13,"column":21}},"loc":{"start":{"line":13,"column":76},"end":{"line":23,"column":1}},"line":13},"1":{"name":"(anonymous_1)","decl":{"start":{"line":32,"column":18},"end":{"line":32,"column":19}},"loc":{"start":{"line":32,"column":95},"end":{"line":42,"column":1}},"line":32},"2":{"name":"(anonymous_2)","decl":{"start":{"line":52,"column":22},"end":{"line":52,"column":23}},"loc":{"start":{"line":52,"column":57},"end":{"line":64,"column":1}},"line":52}},"branchMap":{"0":{"loc":{"start":{"line":13,"column":26},"end":{"line":13,"column":42}},"type":"default-arg","locations":[{"start":{"line":13,"column":39},"end":{"line":13,"column":42}}],"line":13},"1":{"loc":{"start":{"line":13,"column":44},"end":{"line":13,"column":55}},"type":"default-arg","locations":[{"start":{"line":13,"column":51},"end":{"line":13,"column":55}}],"line":13},"2":{"loc":{"start":{"line":13,"column":57},"end":{"line":13,"column":71}},"type":"default-arg","locations":[{"start":{"line":13,"column":67},"end":{"line":13,"column":71}}],"line":13},"3":{"loc":{"start":{"line":19,"column":2},"end":{"line":19,"column":42}},"type":"if","locations":[{"start":{"line":19,"column":2},"end":{"line":19,"column":42}},{"start":{},"end":{}}],"line":19},"4":{"loc":{"start":{"line":20,"column":2},"end":{"line":20,"column":42}},"type":"if","locations":[{"start":{"line":20,"column":2},"end":{"line":20,"column":42}},{"start":{},"end":{}}],"line":20},"5":{"loc":{"start":{"line":32,"column":24},"end":{"line":32,"column":40}},"type":"default-arg","locations":[{"start":{"line":32,"column":37},"end":{"line":32,"column":40}}],"line":32},"6":{"loc":{"start":{"line":32,"column":42},"end":{"line":32,"column":75}},"type":"default-arg","locations":[{"start":{"line":32,"column":52},"end":{"line":32,"column":75}}],"line":32},"7":{"loc":{"start":{"line":32,"column":77},"end":{"line":32,"column":90}},"type":"default-arg","locations":[{"start":{"line":32,"column":86},"end":{"line":32,"column":90}}],"line":32},"8":{"loc":{"start":{"line":39,"column":2},"end":{"line":39,"column":39}},"type":"if","locations":[{"start":{"line":39,"column":2},"end":{"line":39,"column":39}},{"start":{},"end":{}}],"line":39}},"s":{"0":1,"1":10,"2":10,"3":2,"4":10,"5":5,"6":10,"7":1,"8":7,"9":7,"10":2,"11":7,"12":1,"13":8,"14":1},"f":{"0":10,"1":7,"2":8},"b":{"0":[1],"1":[3],"2":[8],"3":[2,8],"4":[5,5],"5":[1],"6":[2],"7":[4],"8":[2,5]},"_coverageSchema":"1a1c01bbd47fc00a2c39e90264f33305004495a9","hash":"61333872476f3b6f93ec2fbd20d1ba09c4d652c5"}
}
