TN:
SF:src\app.js
FNF:0
FNH:0
DA:1,0
DA:2,0
DA:3,0
DA:5,0
DA:7,0
DA:8,0
DA:10,0
DA:11,0
DA:12,0
DA:13,0
DA:14,0
DA:15,0
DA:16,0
DA:18,0
DA:19,0
DA:20,0
DA:21,0
DA:22,0
DA:23,0
DA:24,0
DA:26,0
LF:21
LH:0
BRF:0
BRH:0
end_of_record
TN:
SF:src\controllers\scraperController.js
FN:12,(anonymous_0)
FN:36,(anonymous_1)
FN:77,(anonymous_2)
FN:97,(anonymous_3)
FN:121,(anonymous_4)
FN:144,(anonymous_5)
FN:168,(anonymous_6)
FN:190,(anonymous_7)
FNF:8
FNH:0
FNDA:0,(anonymous_0)
FNDA:0,(anonymous_1)
FNDA:0,(anonymous_2)
FNDA:0,(anonymous_3)
FNDA:0,(anonymous_4)
FNDA:0,(anonymous_5)
FNDA:0,(anonymous_6)
FNDA:0,(anonymous_7)
DA:1,0
DA:12,0
DA:13,0
DA:14,0
DA:16,0
DA:22,0
DA:23,0
DA:36,0
DA:37,0
DA:38,0
DA:39,0
DA:42,0
DA:43,0
DA:44,0
DA:51,0
DA:54,0
DA:56,0
DA:63,0
DA:64,0
DA:77,0
DA:78,0
DA:79,0
DA:81,0
DA:82,0
DA:88,0
DA:91,0
DA:92,0
DA:94,0
DA:97,0
DA:99,0
DA:108,0
DA:109,0
DA:121,0
DA:122,0
DA:123,0
DA:125,0
DA:131,0
DA:132,0
DA:144,0
DA:145,0
DA:146,0
DA:147,0
DA:149,0
DA:155,0
DA:156,0
DA:168,0
DA:169,0
DA:170,0
DA:172,0
DA:177,0
DA:178,0
DA:190,0
DA:191,0
DA:192,0
DA:194,0
DA:199,0
DA:200,0
DA:208,0
LF:58
LH:0
BRDA:43,0,0,0
BRDA:43,0,1,0
BRDA:79,1,0,0
BRDA:81,2,0,0
BRDA:81,2,1,0
BRDA:81,3,0,0
BRDA:81,3,1,0
BRDA:88,4,0,0
BRDA:88,4,1,0
BRDA:91,5,0,0
BRDA:91,5,1,0
BRDA:146,6,0,0
BRDA:146,6,1,0
BRF:13
BRH:0
end_of_record
TN:
SF:src\middleware\errorHandler.js
FN:9,(anonymous_0)
FN:37,(anonymous_1)
FNF:2
FNH:2
FNDA:17,(anonymous_0)
FNDA:5,(anonymous_1)
DA:1,1
DA:9,1
DA:10,17
DA:11,17
DA:12,17
DA:15,17
DA:22,17
DA:23,1
DA:24,1
DA:28,17
DA:29,2
DA:30,2
DA:31,2
DA:35,17
DA:36,2
DA:37,5
DA:39,2
DA:43,17
DA:44,1
DA:45,1
DA:48,17
DA:49,1
DA:50,1
DA:54,17
DA:61,17
DA:62,2
DA:65,17
DA:68,1
LF:28
LH:28
BRDA:12,0,0,17
BRDA:12,0,1,15
BRDA:18,1,0,2
BRDA:18,1,1,15
BRDA:22,2,0,1
BRDA:22,2,1,16
BRDA:28,3,0,2
BRDA:28,3,1,15
BRDA:35,4,0,2
BRDA:35,4,1,15
BRDA:43,5,0,1
BRDA:43,5,1,16
BRDA:48,6,0,1
BRDA:48,6,1,16
BRDA:56,7,0,17
BRDA:56,7,1,0
BRDA:57,8,0,17
BRDA:57,8,1,0
BRDA:61,9,0,2
BRDA:61,9,1,15
BRDA:65,10,0,17
BRDA:65,10,1,0
BRF:22
BRH:19
end_of_record
TN:
SF:src\middleware\logging_middleware.js
FNF:0
FNH:0
DA:1,0
DA:3,0
LF:2
LH:0
BRF:0
BRH:0
end_of_record
TN:
SF:src\middleware\notFound.js
FN:8,(anonymous_0)
FNF:1
FNH:1
FNDA:22,(anonymous_0)
DA:1,1
DA:8,1
DA:9,22
DA:10,22
DA:13,1
LF:5
LH:5
BRF:0
BRH:0
end_of_record
TN:
SF:src\middleware\requestLogger.js
FN:6,(anonymous_0)
FN:10,(anonymous_1)
FNF:2
FNH:2
FNDA:29,(anonymous_0)
FNDA:24,(anonymous_1)
DA:6,1
DA:7,29
DA:10,29
DA:11,24
DA:12,24
DA:14,24
DA:19,29
DA:22,1
LF:8
LH:8
BRF:0
BRH:0
end_of_record
TN:
SF:src\models\Job.js
FNF:0
FNH:0
DA:1,4
DA:3,4
DA:21,4
LF:3
LH:3
BRF:0
BRH:0
end_of_record
TN:
SF:src\routes\application.routes.js
FNF:0
FNH:0
DA:2,0
DA:3,0
DA:4,0
DA:5,0
DA:6,0
DA:8,0
DA:10,0
DA:11,0
DA:12,0
DA:13,0
DA:14,0
DA:17,0
DA:18,0
DA:20,0
LF:14
LH:0
BRF:0
BRH:0
end_of_record
TN:
SF:src\routes\auth.routes.js
FNF:0
FNH:0
DA:1,0
DA:2,0
DA:3,0
DA:4,0
DA:6,0
DA:7,0
DA:8,0
DA:9,0
DA:10,0
DA:11,0
DA:12,0
DA:14,0
LF:12
LH:0
BRF:0
BRH:0
end_of_record
TN:
SF:src\routes\index.js
FNF:0
FNH:0
DA:1,0
DA:2,0
DA:4,0
DA:5,0
DA:6,0
DA:7,0
DA:8,0
DA:9,0
DA:10,0
DA:12,0
DA:13,0
DA:14,0
DA:15,0
DA:16,0
DA:17,0
DA:18,0
DA:20,0
LF:17
LH:0
BRF:0
BRH:0
end_of_record
TN:
SF:src\routes\job.routes.js
FNF:0
FNH:0
DA:2,0
DA:3,0
DA:4,0
DA:5,0
DA:7,0
DA:10,0
DA:11,0
DA:12,0
DA:13,0
DA:16,0
DA:17,0
DA:18,0
DA:21,0
DA:23,0
LF:14
LH:0
BRF:0
BRH:0
end_of_record
TN:
SF:src\routes\preferences.routes.js
FNF:0
FNH:0
DA:1,0
DA:2,0
DA:3,0
DA:4,0
DA:5,0
DA:7,0
DA:9,0
DA:10,0
DA:11,0
DA:12,0
DA:13,0
DA:15,0
LF:12
LH:0
BRF:0
BRH:0
end_of_record
TN:
SF:src\routes\scraper.routes.js
FNF:0
FNH:0
DA:1,0
DA:2,0
DA:3,0
DA:11,0
DA:14,0
DA:17,0
DA:20,0
DA:23,0
DA:26,0
DA:29,0
DA:31,0
LF:11
LH:0
BRF:0
BRH:0
end_of_record
TN:
SF:src\routes\source.routes.js
FNF:0
FNH:0
DA:2,0
DA:3,0
DA:4,0
DA:5,0
DA:6,0
DA:8,0
DA:11,0
DA:14,0
DA:15,0
DA:16,0
DA:17,0
DA:18,0
DA:19,0
DA:21,0
LF:14
LH:0
BRF:0
BRH:0
end_of_record
TN:
SF:src\routes\user.routes.js
FNF:0
FNH:0
DA:1,0
DA:2,0
DA:3,0
DA:4,0
DA:5,0
DA:7,0
DA:9,0
DA:10,0
DA:11,0
DA:12,0
DA:14,0
LF:11
LH:0
BRF:0
BRH:0
end_of_record
TN:
SF:src\services\jobFetcher.js
FN:7,(anonymous_0)
FN:20,(anonymous_1)
FNF:2
FNH:2
FNDA:16,(anonymous_0)
FNDA:23,(anonymous_1)
DA:1,1
DA:2,1
DA:4,1
DA:7,1
DA:8,16
DA:20,1
DA:21,23
DA:22,23
DA:25,23
DA:34,20
DA:35,20
DA:38,20
DA:39,20
DA:40,16
DA:43,16
DA:49,16
DA:52,20
DA:53,20
DA:56,3
DA:57,3
DA:61,1
LF:21
LH:21
BRDA:13,0,0,16
BRDA:13,0,1,2
BRDA:14,1,0,16
BRDA:14,1,1,14
BRDA:16,2,0,2
BRDA:16,2,1,14
BRDA:20,3,0,18
BRDA:34,4,0,20
BRDA:34,4,1,1
BRDA:49,5,0,13
BRDA:49,5,1,3
BRF:11
BRH:11
end_of_record
TN:
SF:src\services\scraperService.js
FN:8,(anonymous_0)
FN:19,(anonymous_1)
FN:99,(anonymous_2)
FN:102,(anonymous_3)
FN:103,(anonymous_4)
FN:118,(anonymous_5)
FN:143,(anonymous_6)
FN:151,(anonymous_7)
FN:159,(anonymous_8)
FN:160,(anonymous_9)
FN:172,(anonymous_10)
FN:182,(anonymous_11)
FN:184,(anonymous_12)
FN:188,(anonymous_13)
FN:193,(anonymous_14)
FN:198,(anonymous_15)
FN:218,(anonymous_16)
FN:227,(anonymous_17)
FNF:18
FNH:0
FNDA:0,(anonymous_0)
FNDA:0,(anonymous_1)
FNDA:0,(anonymous_2)
FNDA:0,(anonymous_3)
FNDA:0,(anonymous_4)
FNDA:0,(anonymous_5)
FNDA:0,(anonymous_6)
FNDA:0,(anonymous_7)
FNDA:0,(anonymous_8)
FNDA:0,(anonymous_9)
FNDA:0,(anonymous_10)
FNDA:0,(anonymous_11)
FNDA:0,(anonymous_12)
FNDA:0,(anonymous_13)
FNDA:0,(anonymous_14)
FNDA:0,(anonymous_15)
FNDA:0,(anonymous_16)
FNDA:0,(anonymous_17)
DA:1,0
DA:9,0
DA:10,0
DA:20,0
DA:22,0
DA:25,0
DA:26,0
DA:27,0
DA:31,0
DA:37,0
DA:39,0
DA:42,0
DA:45,0
DA:48,0
DA:59,0
DA:62,0
DA:63,0
DA:66,0
DA:68,0
DA:75,0
DA:77,0
DA:80,0
DA:90,0
DA:100,0
DA:102,0
DA:103,0
DA:110,0
DA:119,0
DA:121,0
DA:123,0
DA:124,0
DA:125,0
DA:126,0
DA:128,0
DA:136,0
DA:144,0
DA:152,0
DA:160,0
DA:173,0
DA:183,0
DA:184,0
DA:185,0
DA:187,0
DA:188,0
DA:192,0
DA:193,0
DA:197,0
DA:198,0
DA:201,0
DA:219,0
DA:220,0
DA:221,0
DA:228,0
DA:229,0
DA:234,0
LF:55
LH:0
BRDA:19,0,0,0
BRDA:26,1,0,0
BRDA:26,1,1,0
BRDA:51,2,0,0
BRDA:51,2,1,0
BRDA:53,3,0,0
BRDA:53,3,1,0
BRDA:56,4,0,0
BRDA:56,4,1,0
BRDA:62,5,0,0
BRDA:62,5,1,0
BRDA:172,6,0,0
BRDA:188,7,0,0
BRDA:188,7,1,0
BRDA:193,8,0,0
BRDA:193,8,1,0
BRDA:197,9,0,0
BRDA:197,9,1,0
BRDA:198,10,0,0
BRDA:198,10,1,0
BRDA:205,11,0,0
BRDA:205,11,1,0
BRF:22
BRH:0
end_of_record
TN:
SF:src\services\scrapers\JobPortalScraper.js
FN:10,(anonymous_0)
FN:27,(anonymous_1)
FN:36,(anonymous_2)
FN:73,(anonymous_3)
FN:82,(anonymous_4)
FN:92,(anonymous_5)
FN:111,(anonymous_6)
FN:124,(anonymous_7)
FN:138,(anonymous_8)
FN:140,(anonymous_9)
FN:155,(anonymous_10)
FN:206,(anonymous_11)
FN:223,(anonymous_12)
FN:237,(anonymous_13)
FN:238,(anonymous_14)
FN:245,(anonymous_15)
FN:257,(anonymous_16)
FNF:17
FNH:17
FNDA:43,(anonymous_0)
FNDA:1,(anonymous_1)
FNDA:2,(anonymous_2)
FNDA:1,(anonymous_3)
FNDA:2,(anonymous_4)
FNDA:6,(anonymous_5)
FNDA:28,(anonymous_6)
FNDA:6,(anonymous_7)
FNDA:5,(anonymous_8)
FNDA:25,(anonymous_9)
FNDA:5,(anonymous_10)
FNDA:15,(anonymous_11)
FNDA:4,(anonymous_12)
FNDA:3,(anonymous_13)
FNDA:3,(anonymous_14)
FNDA:1,(anonymous_15)
FNDA:3,(anonymous_16)
DA:1,2
DA:2,2
DA:3,2
DA:11,43
DA:12,43
DA:13,43
DA:14,43
DA:15,43
DA:16,43
DA:18,43
DA:19,43
DA:28,1
DA:39,2
DA:40,3
DA:41,3
DA:43,3
DA:54,1
DA:56,2
DA:57,2
DA:59,2
DA:60,2
DA:65,0
DA:74,1
DA:83,2
DA:84,1
DA:93,6
DA:112,28
DA:113,22
DA:125,6
DA:126,6
DA:127,6
DA:128,6
DA:130,6
DA:139,5
DA:140,25
DA:142,5
DA:143,2
DA:144,2
DA:147,3
DA:156,5
DA:158,5
DA:159,2
DA:160,2
DA:163,3
DA:164,3
DA:165,3
DA:167,3
DA:168,3
DA:169,3
DA:171,3
DA:172,1
DA:173,1
DA:176,2
DA:182,2
DA:183,1
DA:184,1
DA:185,1
DA:188,0
DA:189,0
DA:190,0
DA:194,3
DA:196,3
DA:207,15
DA:208,15
DA:209,15
DA:211,0
DA:224,4
DA:225,4
DA:226,4
DA:228,0
DA:238,3
DA:246,1
DA:258,3
DA:259,3
DA:263,2
LF:75
LH:69
BRDA:10,0,0,1
BRDA:11,1,0,43
BRDA:11,1,1,1
BRDA:12,2,0,43
BRDA:12,2,1,1
BRDA:13,3,0,43
BRDA:13,3,1,1
BRDA:14,4,0,43
BRDA:14,4,1,22
BRDA:15,5,0,43
BRDA:15,5,1,22
BRDA:16,6,0,43
BRDA:16,6,1,43
BRDA:27,7,0,1
BRDA:59,8,0,2
BRDA:59,8,1,0
BRDA:99,9,0,6
BRDA:99,9,1,1
BRDA:100,10,0,6
BRDA:100,10,1,2
BRDA:101,11,0,1
BRDA:101,11,1,5
BRDA:102,12,0,6
BRDA:102,12,1,5
BRDA:112,13,0,6
BRDA:112,13,1,22
BRDA:126,14,0,6
BRDA:126,14,1,1
BRDA:127,15,0,6
BRDA:127,15,1,2
BRDA:142,16,0,2
BRDA:142,16,1,3
BRDA:155,17,0,5
BRDA:156,18,0,5
BRDA:156,18,1,5
BRDA:158,19,0,2
BRDA:158,19,1,3
BRDA:171,20,0,1
BRDA:171,20,1,2
BRDA:182,21,0,1
BRDA:182,21,1,1
BRDA:184,22,0,1
BRDA:184,22,1,0
BRDA:206,23,0,2
BRDA:208,24,0,13
BRDA:208,24,1,2
BRDA:223,25,0,2
BRDA:225,26,0,2
BRDA:225,26,1,2
BRDA:226,27,0,4
BRDA:226,27,1,2
BRF:51
BRH:49
end_of_record
TN:
SF:src\services\scrapers\LinkedInJobsScraper.js
FN:11,(anonymous_0)
FN:29,(anonymous_1)
FN:84,(anonymous_2)
FN:114,(anonymous_3)
FN:124,(anonymous_4)
FN:145,(anonymous_5)
FN:183,(anonymous_6)
FN:188,(anonymous_7)
FN:201,(anonymous_8)
FNF:9
FNH:0
FNDA:0,(anonymous_0)
FNDA:0,(anonymous_1)
FNDA:0,(anonymous_2)
FNDA:0,(anonymous_3)
FNDA:0,(anonymous_4)
FNDA:0,(anonymous_5)
FNDA:0,(anonymous_6)
FNDA:0,(anonymous_7)
FNDA:0,(anonymous_8)
DA:1,0
DA:12,0
DA:21,0
DA:30,0
DA:32,0
DA:33,0
DA:35,0
DA:36,0
DA:37,0
DA:38,0
DA:40,0
DA:42,0
DA:43,0
DA:45,0
DA:46,0
DA:47,0
DA:50,0
DA:52,0
DA:53,0
DA:57,0
DA:59,0
DA:67,0
DA:68,0
DA:70,0
DA:85,0
DA:87,0
DA:89,0
DA:90,0
DA:93,0
DA:94,0
DA:97,0
DA:98,0
DA:102,0
DA:103,0
DA:104,0
DA:106,0
DA:115,0
DA:118,0
DA:120,0
DA:121,0
DA:124,0
DA:125,0
DA:126,0
DA:128,0
DA:129,0
DA:132,0
DA:136,0
DA:146,0
DA:147,0
DA:148,0
DA:151,0
DA:153,0
DA:154,0
DA:158,0
DA:159,0
DA:162,0
DA:164,0
DA:184,0
DA:187,0
DA:188,0
DA:189,0
DA:190,0
DA:193,0
DA:202,0
DA:204,0
DA:207,0
DA:208,0
DA:209,0
DA:210,0
DA:214,0
DA:215,0
DA:216,0
DA:217,0
DA:221,0
DA:222,0
DA:223,0
DA:224,0
DA:228,0
DA:229,0
DA:230,0
DA:231,0
DA:234,0
DA:238,0
LF:83
LH:0
BRDA:11,0,0,0
BRDA:13,1,0,0
BRDA:13,1,1,0
BRDA:15,2,0,0
BRDA:15,2,1,0
BRDA:16,3,0,0
BRDA:16,3,1,0
BRDA:17,4,0,0
BRDA:17,4,1,0
BRDA:29,5,0,0
BRDA:30,6,0,0
BRDA:30,7,0,0
BRDA:30,8,0,0
BRDA:45,9,0,0
BRDA:45,9,1,0
BRDA:52,10,0,0
BRDA:52,10,1,0
BRDA:85,11,0,0
BRDA:85,12,0,0
BRDA:85,13,0,0
BRDA:89,14,0,0
BRDA:89,14,1,0
BRDA:93,15,0,0
BRDA:93,15,1,0
BRDA:97,16,0,0
BRDA:97,16,1,0
BRDA:120,17,0,0
BRDA:120,17,1,0
BRDA:128,18,0,0
BRDA:128,18,1,0
BRDA:128,19,0,0
BRDA:128,19,1,0
BRDA:128,19,2,0
BRDA:153,20,0,0
BRDA:153,20,1,0
BRDA:153,21,0,0
BRDA:153,21,1,0
BRDA:159,22,0,0
BRDA:159,22,1,0
BRDA:169,23,0,0
BRDA:169,23,1,0
BRDA:170,24,0,0
BRDA:170,24,1,0
BRDA:190,25,0,0
BRDA:190,25,1,0
BRDA:202,26,0,0
BRDA:202,26,1,0
BRDA:208,27,0,0
BRDA:208,27,1,0
BRDA:215,28,0,0
BRDA:215,28,1,0
BRDA:222,29,0,0
BRDA:222,29,1,0
BRDA:229,30,0,0
BRDA:229,30,1,0
BRF:55
BRH:0
end_of_record
TN:
SF:src\services\scrapers\OficinaDeTrabajoCeiScraper.js
FN:8,(anonymous_0)
FN:31,(anonymous_1)
FN:89,(anonymous_2)
FN:118,(anonymous_3)
FN:129,(anonymous_4)
FN:151,(anonymous_5)
FN:193,(anonymous_6)
FN:199,(anonymous_7)
FN:219,(anonymous_8)
FN:252,(anonymous_9)
FN:269,(anonymous_10)
FNF:11
FNH:10
FNDA:21,(anonymous_0)
FNDA:2,(anonymous_1)
FNDA:7,(anonymous_2)
FNDA:1,(anonymous_3)
FNDA:0,(anonymous_4)
FNDA:2,(anonymous_5)
FNDA:4,(anonymous_6)
FNDA:4,(anonymous_7)
FNDA:5,(anonymous_8)
FNDA:5,(anonymous_9)
FNDA:1,(anonymous_10)
DA:1,1
DA:9,21
DA:19,21
DA:20,21
DA:32,2
DA:34,2
DA:35,2
DA:37,2
DA:38,2
DA:39,2
DA:41,2
DA:42,2
DA:44,1
DA:46,1
DA:47,1
DA:48,1
DA:51,0
DA:54,0
DA:55,0
DA:59,1
DA:62,1
DA:64,1
DA:72,0
DA:73,0
DA:75,0
DA:90,7
DA:93,7
DA:95,7
DA:96,4
DA:99,7
DA:100,2
DA:103,7
DA:104,2
DA:107,7
DA:119,1
DA:123,1
DA:125,1
DA:126,1
DA:129,1
DA:130,0
DA:131,0
DA:133,0
DA:134,0
DA:137,0
DA:138,0
DA:142,1
DA:154,2
DA:155,2
DA:156,2
DA:157,2
DA:160,2
DA:163,2
DA:164,1
DA:168,2
DA:169,2
DA:172,2
DA:174,2
DA:194,4
DA:197,4
DA:199,4
DA:200,4
DA:201,4
DA:202,4
DA:207,4
DA:208,4
DA:210,4
DA:220,5
DA:222,5
DA:223,5
DA:227,0
DA:228,0
DA:229,0
DA:230,0
DA:231,0
DA:232,0
DA:236,0
DA:237,0
DA:238,0
DA:242,0
DA:254,5
DA:255,5
DA:256,3
DA:257,3
DA:261,2
DA:270,1
DA:274,1
DA:275,1
DA:281,1
DA:285,1
LF:89
LH:67
BRDA:8,0,0,20
BRDA:10,1,0,21
BRDA:10,1,1,20
BRDA:12,2,0,21
BRDA:12,2,1,20
BRDA:13,3,0,21
BRDA:13,3,1,21
BRDA:14,4,0,21
BRDA:14,4,1,21
BRDA:20,5,0,21
BRDA:20,5,1,20
BRDA:31,6,0,0
BRDA:32,7,0,0
BRDA:32,8,0,2
BRDA:32,9,0,0
BRDA:46,10,0,1
BRDA:46,10,1,0
BRDA:54,11,0,0
BRDA:54,11,1,0
BRDA:90,12,0,3
BRDA:90,13,0,3
BRDA:90,14,0,3
BRDA:95,15,0,4
BRDA:95,15,1,3
BRDA:99,16,0,2
BRDA:99,16,1,5
BRDA:103,17,0,2
BRDA:103,17,1,5
BRDA:125,18,0,1
BRDA:125,18,1,0
BRDA:133,19,0,0
BRDA:133,19,1,0
BRDA:133,20,0,0
BRDA:133,20,1,0
BRDA:133,20,2,0
BRDA:163,21,0,1
BRDA:163,21,1,1
BRDA:163,22,0,2
BRDA:163,22,1,1
BRDA:179,23,0,2
BRDA:179,23,1,1
BRDA:201,24,0,4
BRDA:201,24,1,0
BRDA:207,25,0,4
BRDA:207,25,1,3
BRDA:208,26,0,1
BRDA:208,26,1,3
BRDA:222,27,0,5
BRDA:222,27,1,0
BRDA:228,28,0,0
BRDA:228,28,1,0
BRDA:237,29,0,0
BRDA:237,29,1,0
BRDA:255,30,0,3
BRDA:255,30,1,2
BRDA:256,31,0,3
BRDA:256,31,1,1
BRDA:256,31,2,1
BRDA:274,32,0,1
BRDA:274,32,1,0
BRF:60
BRH:41
end_of_record
TN:
SF:src\services\scrapers\index.js
FN:23,(anonymous_0)
FN:24,(anonymous_1)
FN:25,(anonymous_2)
FNF:3
FNH:0
FNDA:0,(anonymous_0)
FNDA:0,(anonymous_1)
FNDA:0,(anonymous_2)
DA:6,0
DA:7,0
DA:8,0
DA:9,0
DA:11,0
DA:23,0
DA:24,0
DA:25,0
LF:8
LH:0
BRF:0
BRH:0
end_of_record
TN:
SF:src\services\scrapers\scraperRegistry.js
FN:9,(anonymous_0)
FN:17,(anonymous_1)
FN:27,(anonymous_2)
FN:40,(anonymous_3)
FN:51,(anonymous_4)
FN:65,(anonymous_5)
FN:74,(anonymous_6)
FN:82,(anonymous_7)
FNF:8
FNH:0
FNDA:0,(anonymous_0)
FNDA:0,(anonymous_1)
FNDA:0,(anonymous_2)
FNDA:0,(anonymous_3)
FNDA:0,(anonymous_4)
FNDA:0,(anonymous_5)
FNDA:0,(anonymous_6)
FNDA:0,(anonymous_7)
DA:1,0
DA:2,0
DA:10,0
DA:11,0
DA:18,0
DA:19,0
DA:28,0
DA:29,0
DA:32,0
DA:33,0
DA:41,0
DA:42,0
DA:52,0
DA:54,0
DA:55,0
DA:58,0
DA:66,0
DA:75,0
DA:83,0
DA:85,0
DA:86,0
DA:87,0
DA:94,0
DA:99,0
LF:24
LH:0
BRDA:28,0,0,0
BRDA:28,0,1,0
BRDA:51,1,0,0
BRDA:54,2,0,0
BRDA:54,2,1,0
BRF:5
BRH:0
end_of_record
TN:
SF:src\utils\AppError.js
FN:10,(anonymous_0)
FNF:1
FNH:1
FNDA:45,(anonymous_0)
DA:11,45
DA:13,45
DA:14,45
DA:15,45
DA:17,45
DA:21,3
LF:6
LH:6
BRDA:10,0,0,2
BRDA:14,1,0,40
BRDA:14,1,1,5
BRF:3
BRH:3
end_of_record
TN:
SF:src\utils\asyncHandler.js
FN:14,(anonymous_0)
FN:15,(anonymous_1)
FNF:2
FNH:2
FNDA:11,(anonymous_0)
FNDA:12,(anonymous_1)
DA:14,1
DA:15,11
DA:16,12
DA:20,1
LF:4
LH:4
BRF:0
BRH:0
end_of_record
TN:
SF:src\utils\responseFormatter.js
FN:13,(anonymous_0)
FN:32,(anonymous_1)
FN:52,(anonymous_2)
FNF:3
FNH:3
FNDA:10,(anonymous_0)
FNDA:7,(anonymous_1)
FNDA:8,(anonymous_2)
DA:13,1
DA:14,10
DA:19,10
DA:20,10
DA:22,10
DA:32,1
DA:33,7
DA:39,7
DA:41,7
DA:52,1
DA:53,8
DA:66,1
LF:12
LH:12
BRDA:13,0,0,1
BRDA:13,1,0,3
BRDA:13,2,0,8
BRDA:19,3,0,2
BRDA:19,3,1,8
BRDA:20,4,0,5
BRDA:20,4,1,5
BRDA:32,5,0,1
BRDA:32,6,0,2
BRDA:32,7,0,4
BRDA:39,8,0,2
BRDA:39,8,1,5
BRF:12
BRH:12
end_of_record
